  [1m[35m (8.8ms)[0m  [1m[35mCREATE TABLE "schema_migrations" ("version" varchar NOT NULL PRIMARY KEY)[0m
  [1m[35m (9.1ms)[0m  [1m[35mCREATE TABLE "ar_internal_metadata" ("key" varchar NOT NULL PRIMARY KEY, "value" varchar, "created_at" datetime(6) NOT NULL, "updated_at" datetime(6) NOT NULL)[0m
  [1m[36mActiveRecord::SchemaMigration Pluck (0.1ms)[0m  [1m[34mSELECT "schema_migrations"."version" FROM "schema_migrations" ORDER BY "schema_migrations"."version" ASC[0m
Migrating to CreateUsers (20230706184516)
  [1m[36mTRANSACTION (0.1ms)[0m  [1m[36mbegin transaction[0m
  [1m[35m (0.2ms)[0m  [1m[35mCREATE TABLE "users" ("id" integer PRIMARY KEY AUTOINCREMENT NOT NULL, "username" varchar, "password_digest" varchar, "created_at" datetime(6) NOT NULL, "updated_at" datetime(6) NOT NULL)[0m
  [1m[36mActiveRecord::SchemaMigration Create (0.2ms)[0m  [1m[32mINSERT INTO "schema_migrations" ("version") VALUES (?)[0m  [["version", "20230706184516"]]
  [1m[36mTRANSACTION (11.0ms)[0m  [1m[36mcommit transaction[0m
Migrating to CreateArtworks (20230707065012)
  [1m[36mTRANSACTION (0.0ms)[0m  [1m[36mbegin transaction[0m
  [1m[35m (0.2ms)[0m  [1m[35mCREATE TABLE "artworks" ("id" integer PRIMARY KEY AUTOINCREMENT NOT NULL, "title" varchar, "image" varchar, "artist" varchar, "year" varchar, "created_at" datetime(6) NOT NULL, "updated_at" datetime(6) NOT NULL)[0m
  [1m[36mActiveRecord::SchemaMigration Create (0.1ms)[0m  [1m[32mINSERT INTO "schema_migrations" ("version") VALUES (?)[0m  [["version", "20230707065012"]]
  [1m[36mTRANSACTION (7.9ms)[0m  [1m[36mcommit transaction[0m
Migrating to AddUsedIdToArtworks (20230707094331)
  [1m[36mTRANSACTION (0.1ms)[0m  [1m[36mbegin transaction[0m
  [1m[35m (0.5ms)[0m  [1m[35mALTER TABLE "artworks" ADD "user_id" integer[0m
  [1m[36mActiveRecord::SchemaMigration Create (0.1ms)[0m  [1m[32mINSERT INTO "schema_migrations" ("version") VALUES (?)[0m  [["version", "20230707094331"]]
  [1m[36mTRANSACTION (5.3ms)[0m  [1m[36mcommit transaction[0m
Migrating to AddDescriptionToArtworks (20230707102942)
  [1m[36mTRANSACTION (0.1ms)[0m  [1m[36mbegin transaction[0m
  [1m[35m (0.3ms)[0m  [1m[35mALTER TABLE "artworks" ADD "description" varchar[0m
  [1m[36mActiveRecord::SchemaMigration Create (0.2ms)[0m  [1m[32mINSERT INTO "schema_migrations" ("version") VALUES (?)[0m  [["version", "20230707102942"]]
  [1m[36mTRANSACTION (5.9ms)[0m  [1m[36mcommit transaction[0m
  [1m[36mActiveRecord::InternalMetadata Load (0.4ms)[0m  [1m[34mSELECT "ar_internal_metadata".* FROM "ar_internal_metadata" WHERE "ar_internal_metadata"."key" = ? LIMIT ?[0m  [["key", "environment"], ["LIMIT", 1]]
  [1m[36mTRANSACTION (0.1ms)[0m  [1m[36mbegin transaction[0m
  [1m[36mActiveRecord::InternalMetadata Create (0.4ms)[0m  [1m[32mINSERT INTO "ar_internal_metadata" ("key", "value", "created_at", "updated_at") VALUES (?, ?, ?, ?)[0m  [["key", "environment"], ["value", "development"], ["created_at", "2023-11-27 09:22:40.830111"], ["updated_at", "2023-11-27 09:22:40.830111"]]
  [1m[36mTRANSACTION (5.7ms)[0m  [1m[36mcommit transaction[0m
  [1m[36mActiveRecord::SchemaMigration Pluck (0.1ms)[0m  [1m[34mSELECT "schema_migrations"."version" FROM "schema_migrations" ORDER BY "schema_migrations"."version" ASC[0m
  [1m[36mActiveRecord::SchemaMigration Pluck (0.1ms)[0m  [1m[34mSELECT "schema_migrations"."version" FROM "schema_migrations" ORDER BY "schema_migrations"."version" ASC[0m
Started GET "/me" for 127.0.0.1 at 2023-11-27 12:23:18 +0300
  [1m[36mActiveRecord::SchemaMigration Pluck (0.1ms)[0m  [1m[34mSELECT "schema_migrations"."version" FROM "schema_migrations" ORDER BY "schema_migrations"."version" ASC[0m
Processing by UsersController#show as */*
  [1m[36mUser Load (0.1ms)[0m  [1m[34mSELECT "users".* FROM "users" WHERE "users"."id" IS NULL LIMIT ?[0m  [["LIMIT", 1]]
  ↳ app/controllers/users_controller.rb:12:in `show'
Completed 401 Unauthorized in 32ms (Views: 0.2ms | ActiveRecord: 0.3ms | Allocations: 24829)


Started POST "/signup" for 127.0.0.1 at 2023-11-27 12:23:40 +0300
Processing by UsersController#create as */*
  Parameters: {"username"=>"kila", "password"=>"[FILTERED]", "password_confirmation"=>"[FILTERED]", "user"=>{"username"=>"kila"}}
[31mUnpermitted parameter: :user. Context: { controller: UsersController, action: create, request: #<ActionDispatch::Request:0x00007f1558f90758>, params: {"username"=>"kila", "password"=>"[FILTERED]", "password_confirmation"=>"[FILTERED]", "controller"=>"users", "action"=>"create", "user"=>{"username"=>"kila"}} }[0m
  [1m[36mTRANSACTION (0.1ms)[0m  [1m[36mbegin transaction[0m
  ↳ app/controllers/users_controller.rb:3:in `create'
  [1m[36mUser Exists? (0.2ms)[0m  [1m[34mSELECT 1 AS one FROM "users" WHERE "users"."username" = ? LIMIT ?[0m  [["username", "kila"], ["LIMIT", 1]]
  ↳ app/controllers/users_controller.rb:3:in `create'
  [1m[36mUser Create (0.2ms)[0m  [1m[32mINSERT INTO "users" ("username", "password_digest", "created_at", "updated_at") VALUES (?, ?, ?, ?)[0m  [["username", "kila"], ["password_digest", "[FILTERED]"], ["created_at", "2023-11-27 09:23:40.599783"], ["updated_at", "2023-11-27 09:23:40.599783"]]
  ↳ app/controllers/users_controller.rb:3:in `create'
  [1m[36mTRANSACTION (13.5ms)[0m  [1m[36mcommit transaction[0m
  ↳ app/controllers/users_controller.rb:3:in `create'
  [1m[36mUser Exists? (0.1ms)[0m  [1m[34mSELECT 1 AS one FROM "users" WHERE "users"."username" = ? AND "users"."id" != ? LIMIT ?[0m  [["username", "kila"], ["id", 1], ["LIMIT", 1]]
  ↳ app/controllers/users_controller.rb:4:in `create'
Completed 201 Created in 265ms (Views: 0.3ms | ActiveRecord: 15.3ms | Allocations: 18397)


Started GET "/me" for 127.0.0.1 at 2023-11-27 12:23:40 +0300
Processing by UsersController#show as */*
  [1m[36mUser Load (0.1ms)[0m  [1m[34mSELECT "users".* FROM "users" WHERE "users"."id" IS NULL LIMIT ?[0m  [["LIMIT", 1]]
  ↳ app/controllers/users_controller.rb:12:in `show'
Completed 401 Unauthorized in 2ms (Views: 0.3ms | ActiveRecord: 0.1ms | Allocations: 700)


Started POST "/login" for 127.0.0.1 at 2023-11-27 12:23:51 +0300
Processing by SessionsController#create as */*
  Parameters: {"username"=>"kila", "password"=>"[FILTERED]", "session"=>{"username"=>"kila", "password"=>"[FILTERED]"}}
  [1m[36mUser Load (0.1ms)[0m  [1m[34mSELECT "users".* FROM "users" WHERE "users"."username" = ? LIMIT ?[0m  [["username", "kila"], ["LIMIT", 1]]
  ↳ app/controllers/sessions_controller.rb:3:in `create'
Completed 201 Created in 208ms (Views: 0.4ms | ActiveRecord: 0.1ms | Allocations: 861)


Started GET "/users/1/artworks" for 127.0.0.1 at 2023-11-27 12:23:51 +0300
Processing by ArtworksController#user_artworks as */*
  Parameters: {"user_id"=>"1"}
  [1m[36mUser Load (0.1ms)[0m  [1m[34mSELECT "users".* FROM "users" WHERE "users"."id" = ? LIMIT ?[0m  [["id", 1], ["LIMIT", 1]]
  ↳ app/controllers/artworks_controller.rb:12:in `user_artworks'
  [1m[36mArtwork Load (0.1ms)[0m  [1m[34mSELECT "artworks".* FROM "artworks" WHERE "artworks"."user_id" = ?[0m  [["user_id", 1]]
  ↳ app/controllers/artworks_controller.rb:14:in `user_artworks'
Completed 200 OK in 24ms (Views: 4.4ms | ActiveRecord: 0.5ms | Allocations: 8191)


Started POST "/artworks" for 127.0.0.1 at 2023-11-27 12:25:17 +0300
Processing by ArtworksController#create as */*
  Parameters: {"title"=>"Mona Lisa", "image"=>"https://imgs.search.brave.com/QcnPqW_2so0-atUYEI7GyZlPiyG3E73O0opUJIRr6Ak/rs:fit:860:0:0/g:ce/aHR0cHM6Ly93d3cu/bGVvbmFyZG9kYXZp/bmNpLm5ldC9pbWFn/ZXMvZ2FsbGVyeS90/aGUtbW9uYS1saXNh/LmpwZw", "artist"=>"Leonardo Da Vicii", "year"=>"1910", "description"=>"A woman smiles", "user_id"=>1, "artwork"=>{"title"=>"Mona Lisa", "image"=>"https://imgs.search.brave.com/QcnPqW_2so0-atUYEI7GyZlPiyG3E73O0opUJIRr6Ak/rs:fit:860:0:0/g:ce/aHR0cHM6Ly93d3cu/bGVvbmFyZG9kYXZp/bmNpLm5ldC9pbWFn/ZXMvZ2FsbGVyeS90/aGUtbW9uYS1saXNh/LmpwZw", "artist"=>"Leonardo Da Vicii", "year"=>"1910", "user_id"=>1, "description"=>"A woman smiles"}}
  [1m[36mTRANSACTION (0.1ms)[0m  [1m[36mbegin transaction[0m
  ↳ app/controllers/artworks_controller.rb:4:in `create'
  [1m[36mUser Load (0.2ms)[0m  [1m[34mSELECT "users".* FROM "users" WHERE "users"."id" = ? LIMIT ?[0m  [["id", 1], ["LIMIT", 1]]
  ↳ app/controllers/artworks_controller.rb:4:in `create'
  [1m[36mArtwork Create (0.5ms)[0m  [1m[32mINSERT INTO "artworks" ("title", "image", "artist", "year", "created_at", "updated_at", "user_id", "description") VALUES (?, ?, ?, ?, ?, ?, ?, ?)[0m  [["title", "Mona Lisa"], ["image", "https://imgs.search.brave.com/QcnPqW_2so0-atUYEI7GyZlPiyG3E73O0opUJIRr6Ak/rs:fit:860:0:0/g:ce/aHR0cHM6Ly93d3cu/bGVvbmFyZG9kYXZp/bmNpLm5ldC9pbWFn/ZXMvZ2FsbGVyeS90/aGUtbW9uYS1saXNh/LmpwZw"], ["artist", "Leonardo Da Vicii"], ["year", "1910"], ["created_at", "2023-11-27 09:25:17.303499"], ["updated_at", "2023-11-27 09:25:17.303499"], ["user_id", 1], ["description", "A woman smiles"]]
  ↳ app/controllers/artworks_controller.rb:4:in `create'
  [1m[36mTRANSACTION (6.0ms)[0m  [1m[36mcommit transaction[0m
  ↳ app/controllers/artworks_controller.rb:4:in `create'
Completed 201 Created in 48ms (Views: 1.0ms | ActiveRecord: 7.4ms | Allocations: 18903)


Started GET "/me" for 127.0.0.1 at 2023-11-27 12:25:17 +0300
Processing by UsersController#show as */*
  [1m[36mUser Load (0.2ms)[0m  [1m[34mSELECT "users".* FROM "users" WHERE "users"."id" = ? LIMIT ?[0m  [["id", 1], ["LIMIT", 1]]
  ↳ app/controllers/users_controller.rb:12:in `show'
Completed 200 OK in 3ms (Views: 0.5ms | ActiveRecord: 0.2ms | Allocations: 832)


Started GET "/users/1/artworks" for 127.0.0.1 at 2023-11-27 12:25:17 +0300
Processing by ArtworksController#user_artworks as */*
  Parameters: {"user_id"=>"1"}
  [1m[36mUser Load (0.2ms)[0m  [1m[34mSELECT "users".* FROM "users" WHERE "users"."id" = ? LIMIT ?[0m  [["id", 1], ["LIMIT", 1]]
  ↳ app/controllers/artworks_controller.rb:12:in `user_artworks'
  [1m[36mArtwork Load (0.1ms)[0m  [1m[34mSELECT "artworks".* FROM "artworks" WHERE "artworks"."user_id" = ?[0m  [["user_id", 1]]
  ↳ app/controllers/artworks_controller.rb:14:in `user_artworks'
Completed 200 OK in 3ms (Views: 1.3ms | ActiveRecord: 0.3ms | Allocations: 1301)


Started DELETE "/logout" for 127.0.0.1 at 2023-11-27 12:25:44 +0300
Processing by SessionsController#destroy as */*
Completed 204 No Content in 1ms (ActiveRecord: 0.0ms | Allocations: 183)


Started POST "/login" for 127.0.0.1 at 2023-11-27 12:25:50 +0300
Processing by SessionsController#create as */*
  Parameters: {"username"=>"kila", "password"=>"[FILTERED]", "session"=>{"username"=>"kila", "password"=>"[FILTERED]"}}
  [1m[36mUser Load (0.4ms)[0m  [1m[34mSELECT "users".* FROM "users" WHERE "users"."username" = ? LIMIT ?[0m  [["username", "kila"], ["LIMIT", 1]]
  ↳ app/controllers/sessions_controller.rb:3:in `create'
Completed 201 Created in 228ms (Views: 0.3ms | ActiveRecord: 0.4ms | Allocations: 785)


Started GET "/users/1/artworks" for 127.0.0.1 at 2023-11-27 12:25:50 +0300
Processing by ArtworksController#user_artworks as */*
  Parameters: {"user_id"=>"1"}
  [1m[36mUser Load (0.1ms)[0m  [1m[34mSELECT "users".* FROM "users" WHERE "users"."id" = ? LIMIT ?[0m  [["id", 1], ["LIMIT", 1]]
  ↳ app/controllers/artworks_controller.rb:12:in `user_artworks'
  [1m[36mArtwork Load (0.1ms)[0m  [1m[34mSELECT "artworks".* FROM "artworks" WHERE "artworks"."user_id" = ?[0m  [["user_id", 1]]
  ↳ app/controllers/artworks_controller.rb:14:in `user_artworks'
Completed 200 OK in 3ms (Views: 1.9ms | ActiveRecord: 0.2ms | Allocations: 1291)


Started DELETE "/logout" for 127.0.0.1 at 2023-11-27 12:26:09 +0300
Processing by SessionsController#destroy as */*
Completed 204 No Content in 0ms (ActiveRecord: 0.0ms | Allocations: 172)


Started POST "/login" for 127.0.0.1 at 2023-11-27 12:26:14 +0300
Processing by SessionsController#create as */*
  Parameters: {"username"=>"kila", "password"=>"[FILTERED]", "session"=>{"username"=>"kila", "password"=>"[FILTERED]"}}
  [1m[36mUser Load (0.3ms)[0m  [1m[34mSELECT "users".* FROM "users" WHERE "users"."username" = ? LIMIT ?[0m  [["username", "kila"], ["LIMIT", 1]]
  ↳ app/controllers/sessions_controller.rb:3:in `create'
Completed 201 Created in 230ms (Views: 0.3ms | ActiveRecord: 0.3ms | Allocations: 770)


Started GET "/users/1/artworks" for 127.0.0.1 at 2023-11-27 12:26:14 +0300
Processing by ArtworksController#user_artworks as */*
  Parameters: {"user_id"=>"1"}
  [1m[36mUser Load (0.1ms)[0m  [1m[34mSELECT "users".* FROM "users" WHERE "users"."id" = ? LIMIT ?[0m  [["id", 1], ["LIMIT", 1]]
  ↳ app/controllers/artworks_controller.rb:12:in `user_artworks'
  [1m[36mArtwork Load (0.1ms)[0m  [1m[34mSELECT "artworks".* FROM "artworks" WHERE "artworks"."user_id" = ?[0m  [["user_id", 1]]
  ↳ app/controllers/artworks_controller.rb:14:in `user_artworks'
Completed 200 OK in 3ms (Views: 1.9ms | ActiveRecord: 0.1ms | Allocations: 1290)


Started DELETE "/logout" for 127.0.0.1 at 2023-11-27 12:26:35 +0300
Processing by SessionsController#destroy as */*
Completed 204 No Content in 1ms (ActiveRecord: 0.0ms | Allocations: 164)


Started GET "/me" for 127.0.0.1 at 2023-11-28 09:56:19 +0300
  [1m[36mActiveRecord::SchemaMigration Pluck (0.1ms)[0m  [1m[34mSELECT "schema_migrations"."version" FROM "schema_migrations" ORDER BY "schema_migrations"."version" ASC[0m
Processing by UsersController#show as */*
  [1m[36mUser Load (0.1ms)[0m  [1m[34mSELECT "users".* FROM "users" WHERE "users"."id" IS NULL LIMIT ?[0m  [["LIMIT", 1]]
  ↳ app/controllers/users_controller.rb:12:in `show'
Completed 401 Unauthorized in 31ms (Views: 0.2ms | ActiveRecord: 0.3ms | Allocations: 24829)


Started POST "/login" for 127.0.0.1 at 2023-11-28 09:56:27 +0300
Processing by SessionsController#create as */*
  Parameters: {"username"=>"kila", "password"=>"[FILTERED]", "session"=>{"username"=>"kila", "password"=>"[FILTERED]"}}
  [1m[36mUser Load (0.9ms)[0m  [1m[34mSELECT "users".* FROM "users" WHERE "users"."username" = ? LIMIT ?[0m  [["username", "kila"], ["LIMIT", 1]]
  ↳ app/controllers/sessions_controller.rb:3:in `create'
Completed 201 Created in 238ms (Views: 0.3ms | ActiveRecord: 2.7ms | Allocations: 15510)


Started GET "/users/1/artworks" for 127.0.0.1 at 2023-11-28 09:56:27 +0300
Processing by ArtworksController#user_artworks as */*
  Parameters: {"user_id"=>"1"}
  [1m[36mUser Load (0.1ms)[0m  [1m[34mSELECT "users".* FROM "users" WHERE "users"."id" = ? LIMIT ?[0m  [["id", 1], ["LIMIT", 1]]
  ↳ app/controllers/artworks_controller.rb:12:in `user_artworks'
  [1m[36mArtwork Load (0.2ms)[0m  [1m[34mSELECT "artworks".* FROM "artworks" WHERE "artworks"."user_id" = ?[0m  [["user_id", 1]]
  ↳ app/controllers/artworks_controller.rb:14:in `user_artworks'
Completed 200 OK in 27ms (Views: 13.8ms | ActiveRecord: 0.7ms | Allocations: 24342)


Started DELETE "/artworks/1" for 127.0.0.1 at 2023-11-28 09:56:29 +0300
Processing by ArtworksController#destroy as */*
  Parameters: {"id"=>"1"}
  [1m[36mArtwork Load (0.5ms)[0m  [1m[34mSELECT "artworks".* FROM "artworks" WHERE "artworks"."id" = ? LIMIT ?[0m  [["id", 1], ["LIMIT", 1]]
  ↳ app/controllers/artworks_controller.rb:27:in `find_artwork'
  [1m[36mTRANSACTION (0.2ms)[0m  [1m[36mbegin transaction[0m
  ↳ app/controllers/artworks_controller.rb:20:in `destroy'
  [1m[36mArtwork Destroy (0.6ms)[0m  [1m[31mDELETE FROM "artworks" WHERE "artworks"."id" = ?[0m  [["id", 1]]
  ↳ app/controllers/artworks_controller.rb:20:in `destroy'
  [1m[36mTRANSACTION (12.7ms)[0m  [1m[36mcommit transaction[0m
  ↳ app/controllers/artworks_controller.rb:20:in `destroy'
Completed 204 No Content in 26ms (ActiveRecord: 14.1ms | Allocations: 1953)


Started GET "/me" for 127.0.0.1 at 2023-11-28 09:56:29 +0300
Processing by UsersController#show as */*
  [1m[36mUser Load (0.1ms)[0m  [1m[34mSELECT "users".* FROM "users" WHERE "users"."id" = ? LIMIT ?[0m  [["id", 1], ["LIMIT", 1]]
  ↳ app/controllers/users_controller.rb:12:in `show'
Completed 200 OK in 3ms (Views: 0.4ms | ActiveRecord: 0.1ms | Allocations: 860)


Started GET "/users/1/artworks" for 127.0.0.1 at 2023-11-28 09:56:29 +0300
Processing by ArtworksController#user_artworks as */*
  Parameters: {"user_id"=>"1"}
  [1m[36mUser Load (0.1ms)[0m  [1m[34mSELECT "users".* FROM "users" WHERE "users"."id" = ? LIMIT ?[0m  [["id", 1], ["LIMIT", 1]]
  ↳ app/controllers/artworks_controller.rb:12:in `user_artworks'
  [1m[36mArtwork Load (0.1ms)[0m  [1m[34mSELECT "artworks".* FROM "artworks" WHERE "artworks"."user_id" = ?[0m  [["user_id", 1]]
  ↳ app/controllers/artworks_controller.rb:14:in `user_artworks'
Completed 200 OK in 4ms (Views: 1.8ms | ActiveRecord: 0.2ms | Allocations: 1141)


Started GET "/me" for 127.0.0.1 at 2023-12-13 11:47:07 +0300
  [1m[36mActiveRecord::SchemaMigration Pluck (0.3ms)[0m  [1m[34mSELECT "schema_migrations"."version" FROM "schema_migrations" ORDER BY "schema_migrations"."version" ASC[0m
Processing by UsersController#show as */*
  [1m[36mUser Load (0.4ms)[0m  [1m[34mSELECT "users".* FROM "users" WHERE "users"."id" IS NULL LIMIT ?[0m  [["LIMIT", 1]]
  ↳ app/controllers/users_controller.rb:12:in `show'
Completed 401 Unauthorized in 122ms (Views: 0.5ms | ActiveRecord: 1.1ms | Allocations: 24829)


Started POST "/login" for 127.0.0.1 at 2023-12-13 11:47:19 +0300
Processing by SessionsController#create as */*
  Parameters: {"username"=>"kila", "password"=>"[FILTERED]", "session"=>{"username"=>"kila", "password"=>"[FILTERED]"}}
  [1m[36mUser Load (0.9ms)[0m  [1m[34mSELECT "users".* FROM "users" WHERE "users"."username" = ? LIMIT ?[0m  [["username", "kila"], ["LIMIT", 1]]
  ↳ app/controllers/sessions_controller.rb:3:in `create'
Completed 201 Created in 908ms (Views: 1.1ms | ActiveRecord: 2.2ms | Allocations: 15510)


Started GET "/users/1/artworks" for 127.0.0.1 at 2023-12-13 11:47:20 +0300
Processing by ArtworksController#user_artworks as */*
  Parameters: {"user_id"=>"1"}
  [1m[36mUser Load (0.9ms)[0m  [1m[34mSELECT "users".* FROM "users" WHERE "users"."id" = ? LIMIT ?[0m  [["id", 1], ["LIMIT", 1]]
  ↳ app/controllers/artworks_controller.rb:12:in `user_artworks'
  [1m[36mArtwork Load (0.6ms)[0m  [1m[34mSELECT "artworks".* FROM "artworks" WHERE "artworks"."user_id" = ?[0m  [["user_id", 1]]
  ↳ app/controllers/artworks_controller.rb:14:in `user_artworks'
Completed 200 OK in 70ms (Views: 15.9ms | ActiveRecord: 2.3ms | Allocations: 8216)


Started GET "/ws" for ::1 at 2023-12-13 11:47:31 +0300
  
ActionController::RoutingError (No route matches [GET] "/ws"):
  
Started POST "/artworks" for 127.0.0.1 at 2023-12-13 11:48:46 +0300
Processing by ArtworksController#create as */*
  Parameters: {"title"=>"Mona Lisa", "image"=>"https://imgs.search.brave.com/QcnPqW_2so0-atUYEI7GyZlPiyG3E73O0opUJIRr6Ak/rs:fit:860:0:0/g:ce/aHR0cHM6Ly93d3cu/bGVvbmFyZG9kYXZp/bmNpLm5ldC9pbWFn/ZXMvZ2FsbGVyeS90/aGUtbW9uYS1saXNh/LmpwZw", "artist"=>"Leonardo Da Vicii", "year"=>"1910", "description"=>"a woman smiles", "user_id"=>1, "artwork"=>{"title"=>"Mona Lisa", "image"=>"https://imgs.search.brave.com/QcnPqW_2so0-atUYEI7GyZlPiyG3E73O0opUJIRr6Ak/rs:fit:860:0:0/g:ce/aHR0cHM6Ly93d3cu/bGVvbmFyZG9kYXZp/bmNpLm5ldC9pbWFn/ZXMvZ2FsbGVyeS90/aGUtbW9uYS1saXNh/LmpwZw", "artist"=>"Leonardo Da Vicii", "year"=>"1910", "user_id"=>1, "description"=>"a woman smiles"}}
  [1m[36mTRANSACTION (0.2ms)[0m  [1m[36mbegin transaction[0m
  ↳ app/controllers/artworks_controller.rb:4:in `create'
  [1m[36mUser Load (0.3ms)[0m  [1m[34mSELECT "users".* FROM "users" WHERE "users"."id" = ? LIMIT ?[0m  [["id", 1], ["LIMIT", 1]]
  ↳ app/controllers/artworks_controller.rb:4:in `create'
  [1m[36mArtwork Create (1.2ms)[0m  [1m[32mINSERT INTO "artworks" ("title", "image", "artist", "year", "created_at", "updated_at", "user_id", "description") VALUES (?, ?, ?, ?, ?, ?, ?, ?)[0m  [["title", "Mona Lisa"], ["image", "https://imgs.search.brave.com/QcnPqW_2so0-atUYEI7GyZlPiyG3E73O0opUJIRr6Ak/rs:fit:860:0:0/g:ce/aHR0cHM6Ly93d3cu/bGVvbmFyZG9kYXZp/bmNpLm5ldC9pbWFn/ZXMvZ2FsbGVyeS90/aGUtbW9uYS1saXNh/LmpwZw"], ["artist", "Leonardo Da Vicii"], ["year", "1910"], ["created_at", "2023-12-13 08:48:46.439528"], ["updated_at", "2023-12-13 08:48:46.439528"], ["user_id", 1], ["description", "a woman smiles"]]
  ↳ app/controllers/artworks_controller.rb:4:in `create'
  [1m[36mTRANSACTION (6.7ms)[0m  [1m[36mcommit transaction[0m
  ↳ app/controllers/artworks_controller.rb:4:in `create'
Completed 201 Created in 80ms (Views: 1.1ms | ActiveRecord: 9.5ms | Allocations: 19028)


Started GET "/me" for 127.0.0.1 at 2023-12-13 11:48:46 +0300
Processing by UsersController#show as */*
  [1m[36mUser Load (0.6ms)[0m  [1m[34mSELECT "users".* FROM "users" WHERE "users"."id" = ? LIMIT ?[0m  [["id", 1], ["LIMIT", 1]]
  ↳ app/controllers/users_controller.rb:12:in `show'
Completed 200 OK in 9ms (Views: 2.2ms | ActiveRecord: 0.6ms | Allocations: 844)


Started GET "/users/1/artworks" for 127.0.0.1 at 2023-12-13 11:48:46 +0300
Processing by ArtworksController#user_artworks as */*
  Parameters: {"user_id"=>"1"}
  [1m[36mUser Load (0.4ms)[0m  [1m[34mSELECT "users".* FROM "users" WHERE "users"."id" = ? LIMIT ?[0m  [["id", 1], ["LIMIT", 1]]
  ↳ app/controllers/artworks_controller.rb:12:in `user_artworks'
  [1m[36mArtwork Load (0.3ms)[0m  [1m[34mSELECT "artworks".* FROM "artworks" WHERE "artworks"."user_id" = ?[0m  [["user_id", 1]]
  ↳ app/controllers/artworks_controller.rb:14:in `user_artworks'
Completed 200 OK in 12ms (Views: 6.5ms | ActiveRecord: 0.7ms | Allocations: 1313)


Started POST "/artworks" for 127.0.0.1 at 2023-12-13 11:50:30 +0300
Processing by ArtworksController#create as */*
  Parameters: {"title"=>"Screaming Face", "image"=>"https://imgs.search.brave.com/NJOfbJ8yhf9S0yCMlu88Verr2E3JPDpCjt07m3j4FvQ/rs:fit:860:0:0/g:ce/aHR0cHM6Ly9hcnRp/bmNvbnRleHQub3Jn/L3dwLWNvbnRlbnQv/dXBsb2Fkcy8yMDIy/LzAxL1BvcHVsYXIt/RmFtb3VzLVBhaW50/aW5ncy5qcGc", "artist"=>"Anonymous", "year"=>"1940", "description"=>"Screaming face", "user_id"=>1, "artwork"=>{"title"=>"Screaming Face", "image"=>"https://imgs.search.brave.com/NJOfbJ8yhf9S0yCMlu88Verr2E3JPDpCjt07m3j4FvQ/rs:fit:860:0:0/g:ce/aHR0cHM6Ly9hcnRp/bmNvbnRleHQub3Jn/L3dwLWNvbnRlbnQv/dXBsb2Fkcy8yMDIy/LzAxL1BvcHVsYXIt/RmFtb3VzLVBhaW50/aW5ncy5qcGc", "artist"=>"Anonymous", "year"=>"1940", "user_id"=>1, "description"=>"Screaming face"}}
  [1m[36mTRANSACTION (0.2ms)[0m  [1m[36mbegin transaction[0m
  ↳ app/controllers/artworks_controller.rb:4:in `create'
  [1m[36mUser Load (0.4ms)[0m  [1m[34mSELECT "users".* FROM "users" WHERE "users"."id" = ? LIMIT ?[0m  [["id", 1], ["LIMIT", 1]]
  ↳ app/controllers/artworks_controller.rb:4:in `create'
  [1m[36mArtwork Create (0.7ms)[0m  [1m[32mINSERT INTO "artworks" ("title", "image", "artist", "year", "created_at", "updated_at", "user_id", "description") VALUES (?, ?, ?, ?, ?, ?, ?, ?)[0m  [["title", "Screaming Face"], ["image", "https://imgs.search.brave.com/NJOfbJ8yhf9S0yCMlu88Verr2E3JPDpCjt07m3j4FvQ/rs:fit:860:0:0/g:ce/aHR0cHM6Ly9hcnRp/bmNvbnRleHQub3Jn/L3dwLWNvbnRlbnQv/dXBsb2Fkcy8yMDIy/LzAxL1BvcHVsYXIt/RmFtb3VzLVBhaW50/aW5ncy5qcGc"], ["artist", "Anonymous"], ["year", "1940"], ["created_at", "2023-12-13 08:50:30.423922"], ["updated_at", "2023-12-13 08:50:30.423922"], ["user_id", 1], ["description", "Screaming face"]]
  ↳ app/controllers/artworks_controller.rb:4:in `create'
  [1m[36mTRANSACTION (6.4ms)[0m  [1m[36mcommit transaction[0m
  ↳ app/controllers/artworks_controller.rb:4:in `create'
Completed 201 Created in 25ms (Views: 1.1ms | ActiveRecord: 7.7ms | Allocations: 2697)


Started GET "/me" for 127.0.0.1 at 2023-12-13 11:50:30 +0300
Processing by UsersController#show as */*
  [1m[36mUser Load (0.4ms)[0m  [1m[34mSELECT "users".* FROM "users" WHERE "users"."id" = ? LIMIT ?[0m  [["id", 1], ["LIMIT", 1]]
  ↳ app/controllers/users_controller.rb:12:in `show'
Completed 200 OK in 7ms (Views: 1.7ms | ActiveRecord: 0.4ms | Allocations: 746)


Started GET "/users/1/artworks" for 127.0.0.1 at 2023-12-13 11:50:30 +0300
Processing by ArtworksController#user_artworks as */*
  Parameters: {"user_id"=>"1"}
  [1m[36mUser Load (0.3ms)[0m  [1m[34mSELECT "users".* FROM "users" WHERE "users"."id" = ? LIMIT ?[0m  [["id", 1], ["LIMIT", 1]]
  ↳ app/controllers/artworks_controller.rb:12:in `user_artworks'
  [1m[36mArtwork Load (0.5ms)[0m  [1m[34mSELECT "artworks".* FROM "artworks" WHERE "artworks"."user_id" = ?[0m  [["user_id", 1]]
  ↳ app/controllers/artworks_controller.rb:14:in `user_artworks'
Completed 200 OK in 14ms (Views: 9.0ms | ActiveRecord: 0.8ms | Allocations: 1441)


Started POST "/artworks" for 127.0.0.1 at 2023-12-13 11:51:40 +0300
Processing by ArtworksController#create as */*
  Parameters: {"title"=>"Last Supper", "image"=>"https://imgs.search.brave.com/_6cLFGwHA5HrSDtnoUJUnerLrAAA6CJRW4bER7YYdWU/rs:fit:860:0:0/g:ce/aHR0cHM6Ly93d3cu/cG9ydHJhaXRmbGlw/LmNvbS93cC1jb250/ZW50L3VwbG9hZHMv/MjAyMy8xMC8yLi1U/aGUtTGFzdC1TdXBw/ZXIuanBn", "artist"=>"Leonardo Da Vicii", "year"=>"1910", "description"=>"The last supper with the disciples", "user_id"=>1, "artwork"=>{"title"=>"Last Supper", "image"=>"https://imgs.search.brave.com/_6cLFGwHA5HrSDtnoUJUnerLrAAA6CJRW4bER7YYdWU/rs:fit:860:0:0/g:ce/aHR0cHM6Ly93d3cu/cG9ydHJhaXRmbGlw/LmNvbS93cC1jb250/ZW50L3VwbG9hZHMv/MjAyMy8xMC8yLi1U/aGUtTGFzdC1TdXBw/ZXIuanBn", "artist"=>"Leonardo Da Vicii", "year"=>"1910", "user_id"=>1, "description"=>"The last supper with the disciples"}}
  [1m[36mTRANSACTION (0.2ms)[0m  [1m[36mbegin transaction[0m
  ↳ app/controllers/artworks_controller.rb:4:in `create'
  [1m[36mUser Load (0.3ms)[0m  [1m[34mSELECT "users".* FROM "users" WHERE "users"."id" = ? LIMIT ?[0m  [["id", 1], ["LIMIT", 1]]
  ↳ app/controllers/artworks_controller.rb:4:in `create'
  [1m[36mArtwork Create (0.9ms)[0m  [1m[32mINSERT INTO "artworks" ("title", "image", "artist", "year", "created_at", "updated_at", "user_id", "description") VALUES (?, ?, ?, ?, ?, ?, ?, ?)[0m  [["title", "Last Supper"], ["image", "https://imgs.search.brave.com/_6cLFGwHA5HrSDtnoUJUnerLrAAA6CJRW4bER7YYdWU/rs:fit:860:0:0/g:ce/aHR0cHM6Ly93d3cu/cG9ydHJhaXRmbGlw/LmNvbS93cC1jb250/ZW50L3VwbG9hZHMv/MjAyMy8xMC8yLi1U/aGUtTGFzdC1TdXBw/ZXIuanBn"], ["artist", "Leonardo Da Vicii"], ["year", "1910"], ["created_at", "2023-12-13 08:51:40.022607"], ["updated_at", "2023-12-13 08:51:40.022607"], ["user_id", 1], ["description", "The last supper with the disciples"]]
  ↳ app/controllers/artworks_controller.rb:4:in `create'
  [1m[36mTRANSACTION (6.7ms)[0m  [1m[36mcommit transaction[0m
  ↳ app/controllers/artworks_controller.rb:4:in `create'
Completed 201 Created in 24ms (Views: 0.9ms | ActiveRecord: 8.0ms | Allocations: 2704)


Started GET "/me" for 127.0.0.1 at 2023-12-13 11:51:40 +0300
Processing by UsersController#show as */*
  [1m[36mUser Load (0.6ms)[0m  [1m[34mSELECT "users".* FROM "users" WHERE "users"."id" = ? LIMIT ?[0m  [["id", 1], ["LIMIT", 1]]
  ↳ app/controllers/users_controller.rb:12:in `show'
Completed 200 OK in 8ms (Views: 1.5ms | ActiveRecord: 0.6ms | Allocations: 731)


Started GET "/users/1/artworks" for 127.0.0.1 at 2023-12-13 11:51:40 +0300
Processing by ArtworksController#user_artworks as */*
  Parameters: {"user_id"=>"1"}
  [1m[36mUser Load (0.3ms)[0m  [1m[34mSELECT "users".* FROM "users" WHERE "users"."id" = ? LIMIT ?[0m  [["id", 1], ["LIMIT", 1]]
  ↳ app/controllers/artworks_controller.rb:12:in `user_artworks'
  [1m[36mArtwork Load (0.4ms)[0m  [1m[34mSELECT "artworks".* FROM "artworks" WHERE "artworks"."user_id" = ?[0m  [["user_id", 1]]
  ↳ app/controllers/artworks_controller.rb:14:in `user_artworks'
Completed 200 OK in 13ms (Views: 7.8ms | ActiveRecord: 0.7ms | Allocations: 1592)


Started DELETE "/logout" for 127.0.0.1 at 2023-12-13 11:52:01 +0300
Processing by SessionsController#destroy as */*
Completed 204 No Content in 1ms (ActiveRecord: 0.0ms | Allocations: 175)


Started GET "/me" for 127.0.0.1 at 2023-12-14 10:18:59 +0300
  [1m[36mActiveRecord::SchemaMigration Pluck (0.4ms)[0m  [1m[34mSELECT "schema_migrations"."version" FROM "schema_migrations" ORDER BY "schema_migrations"."version" ASC[0m
Processing by UsersController#show as */*
  [1m[36mUser Load (0.3ms)[0m  [1m[34mSELECT "users".* FROM "users" WHERE "users"."id" IS NULL LIMIT ?[0m  [["LIMIT", 1]]
  ↳ app/controllers/users_controller.rb:12:in `show'
Completed 401 Unauthorized in 114ms (Views: 0.5ms | ActiveRecord: 1.1ms | Allocations: 24829)


Started POST "/login" for 127.0.0.1 at 2023-12-14 10:19:03 +0300
Processing by SessionsController#create as */*
  Parameters: {"username"=>"kila", "password"=>"[FILTERED]", "session"=>{"username"=>"kila", "password"=>"[FILTERED]"}}
  [1m[36mUser Load (8.0ms)[0m  [1m[34mSELECT "users".* FROM "users" WHERE "users"."username" = ? LIMIT ?[0m  [["username", "kila"], ["LIMIT", 1]]
  ↳ app/controllers/sessions_controller.rb:3:in `create'
Completed 201 Created in 937ms (Views: 1.1ms | ActiveRecord: 9.7ms | Allocations: 15510)


Started GET "/users/1/artworks" for 127.0.0.1 at 2023-12-14 10:19:04 +0300
Processing by ArtworksController#user_artworks as */*
  Parameters: {"user_id"=>"1"}
  [1m[36mUser Load (0.5ms)[0m  [1m[34mSELECT "users".* FROM "users" WHERE "users"."id" = ? LIMIT ?[0m  [["id", 1], ["LIMIT", 1]]
  ↳ app/controllers/artworks_controller.rb:12:in `user_artworks'
  [1m[36mArtwork Load (0.7ms)[0m  [1m[34mSELECT "artworks".* FROM "artworks" WHERE "artworks"."user_id" = ?[0m  [["user_id", 1]]
  ↳ app/controllers/artworks_controller.rb:14:in `user_artworks'
Completed 200 OK in 112ms (Views: 57.4ms | ActiveRecord: 3.1ms | Allocations: 24645)


Started GET "/me" for 127.0.0.1 at 2023-12-18 16:41:56 +0300
  [1m[36mActiveRecord::SchemaMigration Pluck (0.4ms)[0m  [1m[34mSELECT "schema_migrations"."version" FROM "schema_migrations" ORDER BY "schema_migrations"."version" ASC[0m
Processing by UsersController#show as */*
  [1m[36mUser Load (0.3ms)[0m  [1m[34mSELECT "users".* FROM "users" WHERE "users"."id" IS NULL LIMIT ?[0m  [["LIMIT", 1]]
  ↳ app/controllers/users_controller.rb:13:in `show'
Completed 401 Unauthorized in 95ms (Views: 0.5ms | ActiveRecord: 1.0ms | Allocations: 24829)


Started GET "/ws" for ::1 at 2023-12-18 16:45:37 +0300
  
ActionController::RoutingError (No route matches [GET] "/ws"):
  
Started POST "/signup" for 127.0.0.1 at 2023-12-18 16:48:07 +0300
Processing by UsersController#create as */*
  Parameters: {"username"=>"ornam", "password"=>"[FILTERED]", "password_confirmation"=>"[FILTERED]", "user"=>{"username"=>"ornam"}}
[31mUnpermitted parameter: :user. Context: { controller: UsersController, action: create, request: #<ActionDispatch::Request:0x00007f665cd47668>, params: {"username"=>"ornam", "password"=>"[FILTERED]", "password_confirmation"=>"[FILTERED]", "controller"=>"users", "action"=>"create", "user"=>{"username"=>"ornam"}} }[0m
  [1m[36mTRANSACTION (0.2ms)[0m  [1m[36mbegin transaction[0m
  ↳ app/controllers/users_controller.rb:3:in `create'
  [1m[36mUser Exists? (8.0ms)[0m  [1m[34mSELECT 1 AS one FROM "users" WHERE "users"."username" = ? LIMIT ?[0m  [["username", "ornam"], ["LIMIT", 1]]
  ↳ app/controllers/users_controller.rb:3:in `create'
  [1m[36mUser Create (1.4ms)[0m  [1m[32mINSERT INTO "users" ("username", "password_digest", "created_at", "updated_at") VALUES (?, ?, ?, ?)[0m  [["username", "ornam"], ["password_digest", "[FILTERED]"], ["created_at", "2023-12-18 13:48:08.830075"], ["updated_at", "2023-12-18 13:48:08.830075"]]
  ↳ app/controllers/users_controller.rb:3:in `create'
  [1m[36mTRANSACTION (6.5ms)[0m  [1m[36mcommit transaction[0m
  ↳ app/controllers/users_controller.rb:3:in `create'
  [1m[36mUser Exists? (0.7ms)[0m  [1m[34mSELECT 1 AS one FROM "users" WHERE "users"."username" = ? AND "users"."id" != ? LIMIT ?[0m  [["username", "ornam"], ["id", 2], ["LIMIT", 1]]
  ↳ app/controllers/users_controller.rb:4:in `create'
Completed 201 Created in 927ms (Views: 1.3ms | ActiveRecord: 19.4ms | Allocations: 18394)


Started GET "/me" for 127.0.0.1 at 2023-12-18 16:48:09 +0300
Processing by UsersController#show as */*
  [1m[36mUser Load (0.8ms)[0m  [1m[34mSELECT "users".* FROM "users" WHERE "users"."id" IS NULL LIMIT ?[0m  [["LIMIT", 1]]
  ↳ app/controllers/users_controller.rb:13:in `show'
Completed 401 Unauthorized in 10ms (Views: 0.7ms | ActiveRecord: 0.8ms | Allocations: 726)


Started POST "/login" for 127.0.0.1 at 2023-12-18 16:48:18 +0300
Processing by SessionsController#create as */*
  Parameters: {"username"=>"ornam", "password"=>"[FILTERED]", "session"=>{"username"=>"ornam", "password"=>"[FILTERED]"}}
  [1m[36mUser Load (0.6ms)[0m  [1m[34mSELECT "users".* FROM "users" WHERE "users"."username" = ? LIMIT ?[0m  [["username", "ornam"], ["LIMIT", 1]]
  ↳ app/controllers/sessions_controller.rb:3:in `create'
Completed 201 Created in 749ms (Views: 0.9ms | ActiveRecord: 0.6ms | Allocations: 845)


Started GET "/users/2/artworks" for 127.0.0.1 at 2023-12-18 16:48:19 +0300
Processing by ArtworksController#user_artworks as */*
  Parameters: {"user_id"=>"2"}
  [1m[36mUser Load (0.7ms)[0m  [1m[34mSELECT "users".* FROM "users" WHERE "users"."id" = ? LIMIT ?[0m  [["id", 2], ["LIMIT", 1]]
  ↳ app/controllers/artworks_controller.rb:12:in `user_artworks'
  [1m[36mArtwork Load (0.4ms)[0m  [1m[34mSELECT "artworks".* FROM "artworks" WHERE "artworks"."user_id" = ?[0m  [["user_id", 2]]
  ↳ app/controllers/artworks_controller.rb:14:in `user_artworks'
Completed 200 OK in 73ms (Views: 17.1ms | ActiveRecord: 2.0ms | Allocations: 8208)


Started DELETE "/logout" for 127.0.0.1 at 2023-12-18 16:48:29 +0300
Processing by SessionsController#destroy as */*
Completed 204 No Content in 1ms (ActiveRecord: 0.0ms | Allocations: 175)


Started POST "/login" for 127.0.0.1 at 2023-12-18 16:48:36 +0300
Processing by SessionsController#create as */*
  Parameters: {"username"=>"kila", "password"=>"[FILTERED]", "session"=>{"username"=>"kila", "password"=>"[FILTERED]"}}
  [1m[36mUser Load (0.3ms)[0m  [1m[34mSELECT "users".* FROM "users" WHERE "users"."username" = ? LIMIT ?[0m  [["username", "kila"], ["LIMIT", 1]]
  ↳ app/controllers/sessions_controller.rb:3:in `create'
Completed 201 Created in 848ms (Views: 0.9ms | ActiveRecord: 0.3ms | Allocations: 771)


Started GET "/users/1/artworks" for 127.0.0.1 at 2023-12-18 16:48:37 +0300
Processing by ArtworksController#user_artworks as */*
  Parameters: {"user_id"=>"1"}
  [1m[36mUser Load (0.4ms)[0m  [1m[34mSELECT "users".* FROM "users" WHERE "users"."id" = ? LIMIT ?[0m  [["id", 1], ["LIMIT", 1]]
  ↳ app/controllers/artworks_controller.rb:12:in `user_artworks'
  [1m[36mArtwork Load (0.3ms)[0m  [1m[34mSELECT "artworks".* FROM "artworks" WHERE "artworks"."user_id" = ?[0m  [["user_id", 1]]
  ↳ app/controllers/artworks_controller.rb:14:in `user_artworks'
Completed 200 OK in 62ms (Views: 56.8ms | ActiveRecord: 1.8ms | Allocations: 17568)


Started GET "/me" for 127.0.0.1 at 2023-12-20 10:12:07 +0300
  [1m[36mActiveRecord::SchemaMigration Pluck (0.5ms)[0m  [1m[34mSELECT "schema_migrations"."version" FROM "schema_migrations" ORDER BY "schema_migrations"."version" ASC[0m
Processing by UsersController#show as */*
  [1m[36mUser Load (0.6ms)[0m  [1m[34mSELECT "users".* FROM "users" WHERE "users"."id" IS NULL LIMIT ?[0m  [["LIMIT", 1]]
  ↳ app/controllers/users_controller.rb:13:in `show'
Completed 401 Unauthorized in 154ms (Views: 0.8ms | ActiveRecord: 1.9ms | Allocations: 24827)


Started POST "/login" for 127.0.0.1 at 2023-12-20 10:12:11 +0300
Processing by SessionsController#create as */*
  Parameters: {"username"=>"kila", "password"=>"[FILTERED]", "session"=>{"username"=>"kila", "password"=>"[FILTERED]"}}
  [1m[36mUser Load (8.1ms)[0m  [1m[34mSELECT "users".* FROM "users" WHERE "users"."username" = ? LIMIT ?[0m  [["username", "kila"], ["LIMIT", 1]]
  ↳ app/controllers/sessions_controller.rb:3:in `create'
Completed 201 Created in 912ms (Views: 1.4ms | ActiveRecord: 9.4ms | Allocations: 15509)


Started GET "/users/1/artworks" for 127.0.0.1 at 2023-12-20 10:12:12 +0300
Processing by ArtworksController#user_artworks as */*
  Parameters: {"user_id"=>"1"}
  [1m[36mUser Load (0.5ms)[0m  [1m[34mSELECT "users".* FROM "users" WHERE "users"."id" = ? LIMIT ?[0m  [["id", 1], ["LIMIT", 1]]
  ↳ app/controllers/artworks_controller.rb:12:in `user_artworks'
  [1m[36mArtwork Load (0.9ms)[0m  [1m[34mSELECT "artworks".* FROM "artworks" WHERE "artworks"."user_id" = ?[0m  [["user_id", 1]]
  ↳ app/controllers/artworks_controller.rb:14:in `user_artworks'
Completed 200 OK in 123ms (Views: 68.8ms | ActiveRecord: 3.9ms | Allocations: 24647)


Started DELETE "/logout" for 127.0.0.1 at 2023-12-20 10:12:25 +0300
Processing by SessionsController#destroy as */*
Completed 204 No Content in 1ms (ActiveRecord: 0.0ms | Allocations: 185)


Started GET "/me" for 127.0.0.1 at 2023-12-20 10:27:33 +0300
Processing by UsersController#show as */*
  [1m[36mUser Load (0.7ms)[0m  [1m[34mSELECT "users".* FROM "users" WHERE "users"."id" IS NULL LIMIT ?[0m  [["LIMIT", 1]]
  ↳ app/controllers/users_controller.rb:13:in `show'
Completed 401 Unauthorized in 11ms (Views: 0.5ms | ActiveRecord: 1.9ms | Allocations: 911)


Started GET "/static/js/bundle.js" for ::1 at 2023-12-24 10:58:53 +0300
  [1m[36mActiveRecord::SchemaMigration Pluck (0.8ms)[0m  [1m[34mSELECT "schema_migrations"."version" FROM "schema_migrations" ORDER BY "schema_migrations"."version" ASC[0m
  
ActionController::RoutingError (No route matches [GET] "/static/js/bundle.js"):
  
Started GET "/manifest.json" for ::1 at 2023-12-24 10:58:53 +0300
  
ActionController::RoutingError (No route matches [GET] "/manifest.json"):
  
Started GET "/me" for 127.0.0.1 at 2023-12-24 11:00:07 +0300
  [1m[36mActiveRecord::SchemaMigration Pluck (0.7ms)[0m  [1m[34mSELECT "schema_migrations"."version" FROM "schema_migrations" ORDER BY "schema_migrations"."version" ASC[0m
Processing by UsersController#show as */*
  [1m[36mUser Load (0.4ms)[0m  [1m[34mSELECT "users".* FROM "users" WHERE "users"."id" IS NULL LIMIT ?[0m  [["LIMIT", 1]]
  ↳ app/controllers/users_controller.rb:13:in `show'
Completed 401 Unauthorized in 108ms (Views: 0.6ms | ActiveRecord: 1.2ms | Allocations: 24825)


Started POST "/login" for 127.0.0.1 at 2023-12-24 11:00:14 +0300
Processing by SessionsController#create as */*
  Parameters: {"username"=>"kila", "password"=>"[FILTERED]", "session"=>{"username"=>"kila", "password"=>"[FILTERED]"}}
  [1m[36mUser Load (0.8ms)[0m  [1m[34mSELECT "users".* FROM "users" WHERE "users"."username" = ? LIMIT ?[0m  [["username", "kila"], ["LIMIT", 1]]
  ↳ app/controllers/sessions_controller.rb:3:in `create'
Completed 201 Created in 938ms (Views: 1.2ms | ActiveRecord: 1.8ms | Allocations: 15511)


Started GET "/users/1/artworks" for 127.0.0.1 at 2023-12-24 11:00:15 +0300
Processing by ArtworksController#user_artworks as */*
  Parameters: {"user_id"=>"1"}
  [1m[36mUser Load (0.5ms)[0m  [1m[34mSELECT "users".* FROM "users" WHERE "users"."id" = ? LIMIT ?[0m  [["id", 1], ["LIMIT", 1]]
  ↳ app/controllers/artworks_controller.rb:12:in `user_artworks'
  [1m[36mArtwork Load (0.6ms)[0m  [1m[34mSELECT "artworks".* FROM "artworks" WHERE "artworks"."user_id" = ?[0m  [["user_id", 1]]
  ↳ app/controllers/artworks_controller.rb:14:in `user_artworks'
Completed 200 OK in 141ms (Views: 70.5ms | ActiveRecord: 3.1ms | Allocations: 24685)


Started DELETE "/logout" for 127.0.0.1 at 2023-12-24 11:00:21 +0300
Processing by SessionsController#destroy as */*
Completed 204 No Content in 1ms (ActiveRecord: 0.0ms | Allocations: 179)


  [1m[36mActiveRecord::SchemaMigration Pluck (0.1ms)[0m  [1m[34mSELECT "schema_migrations"."version" FROM "schema_migrations" ORDER BY "schema_migrations"."version" ASC[0m
  [1m[36mActiveRecord::InternalMetadata Load (0.2ms)[0m  [1m[34mSELECT "ar_internal_metadata".* FROM "ar_internal_metadata" WHERE "ar_internal_metadata"."key" = ? LIMIT ?[0m  [["key", "environment"], ["LIMIT", 1]]
  [1m[36mActiveRecord::SchemaMigration Pluck (0.1ms)[0m  [1m[34mSELECT "schema_migrations"."version" FROM "schema_migrations" ORDER BY "schema_migrations"."version" ASC[0m
Started GET "/me" for 127.0.0.1 at 2023-12-24 17:44:41 +0300
  [1m[36mActiveRecord::SchemaMigration Pluck (0.1ms)[0m  [1m[34mSELECT "schema_migrations"."version" FROM "schema_migrations" ORDER BY "schema_migrations"."version" ASC[0m
Processing by UsersController#show as */*
  [1m[36mUser Load (0.1ms)[0m  [1m[34mSELECT "users".* FROM "users" WHERE "users"."id" IS NULL LIMIT ?[0m  [["LIMIT", 1]]
  ↳ app/controllers/users_controller.rb:12:in `show'
Completed 401 Unauthorized in 30ms (Views: 0.2ms | ActiveRecord: 0.3ms | Allocations: 24922)


Started POST "/login" for 127.0.0.1 at 2023-12-24 17:44:46 +0300
Processing by SessionsController#create as */*
  Parameters: {"username"=>"kila", "password"=>"[FILTERED]", "session"=>{"username"=>"kila", "password"=>"[FILTERED]"}}
  [1m[36mUser Load (0.6ms)[0m  [1m[34mSELECT "users".* FROM "users" WHERE "users"."username" = ? LIMIT ?[0m  [["username", "kila"], ["LIMIT", 1]]
  ↳ app/controllers/sessions_controller.rb:3:in `create'
Completed 201 Created in 244ms (Views: 0.4ms | ActiveRecord: 2.1ms | Allocations: 15611)


Started GET "/users/1/artworks" for 127.0.0.1 at 2023-12-24 17:44:47 +0300
Processing by ArtworksController#user_artworks as */*
  Parameters: {"user_id"=>"1"}
  [1m[36mUser Load (0.1ms)[0m  [1m[34mSELECT "users".* FROM "users" WHERE "users"."id" = ? LIMIT ?[0m  [["id", 1], ["LIMIT", 1]]
  ↳ app/controllers/artworks_controller.rb:12:in `user_artworks'
  [1m[36mArtwork Load (0.1ms)[0m  [1m[34mSELECT "artworks".* FROM "artworks" WHERE "artworks"."user_id" = ?[0m  [["user_id", 1]]
  ↳ app/controllers/artworks_controller.rb:14:in `user_artworks'
Completed 200 OK in 24ms (Views: 13.4ms | ActiveRecord: 0.7ms | Allocations: 24648)


Started DELETE "/artworks/2" for 127.0.0.1 at 2023-12-24 17:44:50 +0300
Processing by ArtworksController#destroy as */*
  Parameters: {"id"=>"2"}
  [1m[36mArtwork Load (0.2ms)[0m  [1m[34mSELECT "artworks".* FROM "artworks" WHERE "artworks"."id" = ? LIMIT ?[0m  [["id", 2], ["LIMIT", 1]]
  ↳ app/controllers/artworks_controller.rb:27:in `find_artwork'
  [1m[36mTRANSACTION (0.0ms)[0m  [1m[36mbegin transaction[0m
  ↳ app/controllers/artworks_controller.rb:20:in `destroy'
  [1m[36mArtwork Destroy (0.3ms)[0m  [1m[31mDELETE FROM "artworks" WHERE "artworks"."id" = ?[0m  [["id", 2]]
  ↳ app/controllers/artworks_controller.rb:20:in `destroy'
  [1m[36mTRANSACTION (5.6ms)[0m  [1m[36mcommit transaction[0m
  ↳ app/controllers/artworks_controller.rb:20:in `destroy'
Completed 204 No Content in 12ms (ActiveRecord: 6.1ms | Allocations: 1953)


Started GET "/me" for 127.0.0.1 at 2023-12-24 17:44:50 +0300
Processing by UsersController#show as */*
  [1m[36mUser Load (0.2ms)[0m  [1m[34mSELECT "users".* FROM "users" WHERE "users"."id" = ? LIMIT ?[0m  [["id", 1], ["LIMIT", 1]]
  ↳ app/controllers/users_controller.rb:12:in `show'
Completed 200 OK in 3ms (Views: 0.6ms | ActiveRecord: 0.2ms | Allocations: 854)


Started GET "/users/1/artworks" for 127.0.0.1 at 2023-12-24 17:44:50 +0300
Processing by ArtworksController#user_artworks as */*
  Parameters: {"user_id"=>"1"}
  [1m[36mUser Load (0.2ms)[0m  [1m[34mSELECT "users".* FROM "users" WHERE "users"."id" = ? LIMIT ?[0m  [["id", 1], ["LIMIT", 1]]
  ↳ app/controllers/artworks_controller.rb:12:in `user_artworks'
  [1m[36mArtwork Load (0.2ms)[0m  [1m[34mSELECT "artworks".* FROM "artworks" WHERE "artworks"."user_id" = ?[0m  [["user_id", 1]]
  ↳ app/controllers/artworks_controller.rb:14:in `user_artworks'
Completed 200 OK in 5ms (Views: 3.0ms | ActiveRecord: 0.3ms | Allocations: 1442)


Started DELETE "/artworks/3" for 127.0.0.1 at 2023-12-24 17:45:02 +0300
Processing by ArtworksController#destroy as */*
  Parameters: {"id"=>"3"}
  [1m[36mArtwork Load (0.3ms)[0m  [1m[34mSELECT "artworks".* FROM "artworks" WHERE "artworks"."id" = ? LIMIT ?[0m  [["id", 3], ["LIMIT", 1]]
  ↳ app/controllers/artworks_controller.rb:27:in `find_artwork'
  [1m[36mTRANSACTION (0.2ms)[0m  [1m[36mbegin transaction[0m
  ↳ app/controllers/artworks_controller.rb:20:in `destroy'
  [1m[36mArtwork Destroy (0.4ms)[0m  [1m[31mDELETE FROM "artworks" WHERE "artworks"."id" = ?[0m  [["id", 3]]
  ↳ app/controllers/artworks_controller.rb:20:in `destroy'
  [1m[36mTRANSACTION (8.6ms)[0m  [1m[36mcommit transaction[0m
  ↳ app/controllers/artworks_controller.rb:20:in `destroy'
Completed 204 No Content in 20ms (ActiveRecord: 9.4ms | Allocations: 1746)


Started GET "/me" for 127.0.0.1 at 2023-12-24 17:45:03 +0300
Processing by UsersController#show as */*
  [1m[36mUser Load (0.2ms)[0m  [1m[34mSELECT "users".* FROM "users" WHERE "users"."id" = ? LIMIT ?[0m  [["id", 1], ["LIMIT", 1]]
  ↳ app/controllers/users_controller.rb:12:in `show'
Completed 200 OK in 3ms (Views: 0.6ms | ActiveRecord: 0.2ms | Allocations: 736)


Started GET "/users/1/artworks" for 127.0.0.1 at 2023-12-24 17:45:03 +0300
Processing by ArtworksController#user_artworks as */*
  Parameters: {"user_id"=>"1"}
  [1m[36mUser Load (0.2ms)[0m  [1m[34mSELECT "users".* FROM "users" WHERE "users"."id" = ? LIMIT ?[0m  [["id", 1], ["LIMIT", 1]]
  ↳ app/controllers/artworks_controller.rb:12:in `user_artworks'
  [1m[36mArtwork Load (0.3ms)[0m  [1m[34mSELECT "artworks".* FROM "artworks" WHERE "artworks"."user_id" = ?[0m  [["user_id", 1]]
  ↳ app/controllers/artworks_controller.rb:14:in `user_artworks'
Completed 200 OK in 7ms (Views: 4.1ms | ActiveRecord: 0.5ms | Allocations: 1290)


Started GET "/ws" for ::1 at 2023-12-25 13:36:29 +0300
  [1m[36mActiveRecord::SchemaMigration Pluck (0.4ms)[0m  [1m[34mSELECT "schema_migrations"."version" FROM "schema_migrations" ORDER BY "schema_migrations"."version" ASC[0m
  
ActionController::RoutingError (No route matches [GET] "/ws"):
  
Started GET "/ws" for ::1 at 2023-12-25 13:36:45 +0300
  
ActionController::RoutingError (No route matches [GET] "/ws"):
  
Started GET "/ws" for ::1 at 2023-12-25 13:37:17 +0300
  
ActionController::RoutingError (No route matches [GET] "/ws"):
  
Started GET "/me" for 127.0.0.1 at 2023-12-25 13:38:56 +0300
  [1m[36mActiveRecord::SchemaMigration Pluck (0.4ms)[0m  [1m[34mSELECT "schema_migrations"."version" FROM "schema_migrations" ORDER BY "schema_migrations"."version" ASC[0m
Processing by UsersController#show as */*
  [1m[36mUser Load (0.4ms)[0m  [1m[34mSELECT "users".* FROM "users" WHERE "users"."id" IS NULL LIMIT ?[0m  [["LIMIT", 1]]
  ↳ app/controllers/users_controller.rb:12:in `show'
Completed 401 Unauthorized in 70ms (Views: 0.5ms | ActiveRecord: 1.1ms | Allocations: 24829)


Started POST "/login" for 127.0.0.1 at 2023-12-25 13:39:20 +0300
Processing by SessionsController#create as */*
  Parameters: {"username"=>"kila", "password"=>"[FILTERED]", "session"=>{"username"=>"kila", "password"=>"[FILTERED]"}}
  [1m[36mUser Load (0.5ms)[0m  [1m[34mSELECT "users".* FROM "users" WHERE "users"."username" = ? LIMIT ?[0m  [["username", "kila"], ["LIMIT", 1]]
  ↳ app/controllers/sessions_controller.rb:3:in `create'
Completed 201 Created in 808ms (Views: 1.0ms | ActiveRecord: 1.9ms | Allocations: 15530)


Started GET "/users/1/artworks" for 127.0.0.1 at 2023-12-25 13:39:21 +0300
Processing by ArtworksController#user_artworks as */*
  Parameters: {"user_id"=>"1"}
  [1m[36mUser Load (0.4ms)[0m  [1m[34mSELECT "users".* FROM "users" WHERE "users"."id" = ? LIMIT ?[0m  [["id", 1], ["LIMIT", 1]]
  ↳ app/controllers/artworks_controller.rb:12:in `user_artworks'
  [1m[36mArtwork Load (0.4ms)[0m  [1m[34mSELECT "artworks".* FROM "artworks" WHERE "artworks"."user_id" = ?[0m  [["user_id", 1]]
  ↳ app/controllers/artworks_controller.rb:14:in `user_artworks'
Completed 200 OK in 95ms (Views: 53.4ms | ActiveRecord: 2.3ms | Allocations: 24346)


Started GET "/me" for 127.0.0.1 at 2023-12-26 11:45:49 +0300
  [1m[36mActiveRecord::SchemaMigration Pluck (0.1ms)[0m  [1m[34mSELECT "schema_migrations"."version" FROM "schema_migrations" ORDER BY "schema_migrations"."version" ASC[0m
Processing by UsersController#show as */*
  [1m[36mUser Load (0.1ms)[0m  [1m[34mSELECT "users".* FROM "users" WHERE "users"."id" IS NULL LIMIT ?[0m  [["LIMIT", 1]]
  ↳ app/controllers/users_controller.rb:12:in `show'
Completed 401 Unauthorized in 19ms (Views: 0.2ms | ActiveRecord: 0.3ms | Allocations: 24825)


Started POST "/signup" for 127.0.0.1 at 2023-12-26 11:46:08 +0300
Processing by UsersController#create as */*
  Parameters: {"username"=>"rombo", "password"=>"[FILTERED]", "password_confirmation"=>"[FILTERED]", "user"=>{"username"=>"rombo"}}
[31mUnpermitted parameter: :user. Context: { controller: UsersController, action: create, request: #<ActionDispatch::Request:0x00007f986800d478>, params: {"username"=>"rombo", "password"=>"[FILTERED]", "password_confirmation"=>"[FILTERED]", "controller"=>"users", "action"=>"create", "user"=>{"username"=>"rombo"}} }[0m
  [1m[36mTRANSACTION (0.1ms)[0m  [1m[36mbegin transaction[0m
  ↳ app/controllers/users_controller.rb:3:in `create'
  [1m[36mUser Exists? (0.3ms)[0m  [1m[34mSELECT 1 AS one FROM "users" WHERE "users"."username" = ? LIMIT ?[0m  [["username", "rombo"], ["LIMIT", 1]]
  ↳ app/controllers/users_controller.rb:3:in `create'
  [1m[36mUser Create (0.2ms)[0m  [1m[32mINSERT INTO "users" ("username", "password_digest", "created_at", "updated_at") VALUES (?, ?, ?, ?)[0m  [["username", "rombo"], ["password_digest", "[FILTERED]"], ["created_at", "2023-12-26 08:46:09.059522"], ["updated_at", "2023-12-26 08:46:09.059522"]]
  ↳ app/controllers/users_controller.rb:3:in `create'
  [1m[36mTRANSACTION (13.1ms)[0m  [1m[36mcommit transaction[0m
  ↳ app/controllers/users_controller.rb:3:in `create'
  [1m[36mUser Exists? (0.4ms)[0m  [1m[34mSELECT 1 AS one FROM "users" WHERE "users"."username" = ? AND "users"."id" != ? LIMIT ?[0m  [["username", "rombo"], ["id", 3], ["LIMIT", 1]]
  ↳ app/controllers/users_controller.rb:4:in `create'
Completed 201 Created in 285ms (Views: 0.6ms | ActiveRecord: 15.6ms | Allocations: 18395)


Started GET "/me" for 127.0.0.1 at 2023-12-26 11:46:09 +0300
Processing by UsersController#show as */*
  [1m[36mUser Load (0.2ms)[0m  [1m[34mSELECT "users".* FROM "users" WHERE "users"."id" IS NULL LIMIT ?[0m  [["LIMIT", 1]]
  ↳ app/controllers/users_controller.rb:12:in `show'
Completed 401 Unauthorized in 3ms (Views: 0.2ms | ActiveRecord: 0.2ms | Allocations: 700)


Started POST "/login" for 127.0.0.1 at 2023-12-26 11:46:19 +0300
Processing by SessionsController#create as */*
  Parameters: {"username"=>"rombo", "password"=>"[FILTERED]", "session"=>{"username"=>"rombo", "password"=>"[FILTERED]"}}
  [1m[36mUser Load (0.5ms)[0m  [1m[34mSELECT "users".* FROM "users" WHERE "users"."username" = ? LIMIT ?[0m  [["username", "rombo"], ["LIMIT", 1]]
  ↳ app/controllers/sessions_controller.rb:3:in `create'
Completed 201 Created in 243ms (Views: 0.3ms | ActiveRecord: 0.5ms | Allocations: 862)


Started GET "/users/3/artworks" for 127.0.0.1 at 2023-12-26 11:46:19 +0300
Processing by ArtworksController#user_artworks as */*
  Parameters: {"user_id"=>"3"}
  [1m[36mUser Load (0.1ms)[0m  [1m[34mSELECT "users".* FROM "users" WHERE "users"."id" = ? LIMIT ?[0m  [["id", 3], ["LIMIT", 1]]
  ↳ app/controllers/artworks_controller.rb:12:in `user_artworks'
  [1m[36mArtwork Load (0.1ms)[0m  [1m[34mSELECT "artworks".* FROM "artworks" WHERE "artworks"."user_id" = ?[0m  [["user_id", 3]]
  ↳ app/controllers/artworks_controller.rb:14:in `user_artworks'
Completed 200 OK in 18ms (Views: 3.7ms | ActiveRecord: 0.4ms | Allocations: 8214)


Started GET "/ws" for ::1 at 2023-12-26 11:46:21 +0300
  
ActionController::RoutingError (No route matches [GET] "/ws"):
  
Started GET "/me" for 127.0.0.1 at 2023-12-26 12:34:44 +0300
  [1m[36mActiveRecord::SchemaMigration Pluck (0.1ms)[0m  [1m[34mSELECT "schema_migrations"."version" FROM "schema_migrations" ORDER BY "schema_migrations"."version" ASC[0m
Processing by UsersController#show as */*
  [1m[36mUser Load (0.2ms)[0m  [1m[34mSELECT "users".* FROM "users" WHERE "users"."id" = ? LIMIT ?[0m  [["id", 3], ["LIMIT", 1]]
  ↳ app/controllers/users_controller.rb:12:in `show'
Completed 200 OK in 60ms (Views: 0.5ms | ActiveRecord: 2.2ms | Allocations: 39633)


Started GET "/users/3/artworks" for 127.0.0.1 at 2023-12-26 12:34:44 +0300
Processing by ArtworksController#user_artworks as */*
  Parameters: {"user_id"=>"3"}
  [1m[36mUser Load (0.2ms)[0m  [1m[34mSELECT "users".* FROM "users" WHERE "users"."id" = ? LIMIT ?[0m  [["id", 3], ["LIMIT", 1]]
  ↳ app/controllers/artworks_controller.rb:12:in `user_artworks'
  [1m[36mArtwork Load (0.1ms)[0m  [1m[34mSELECT "artworks".* FROM "artworks" WHERE "artworks"."user_id" = ?[0m  [["user_id", 3]]
  ↳ app/controllers/artworks_controller.rb:14:in `user_artworks'
Completed 200 OK in 21ms (Views: 5.2ms | ActiveRecord: 0.5ms | Allocations: 8196)


Started DELETE "/logout" for 127.0.0.1 at 2023-12-26 12:34:49 +0300
Processing by SessionsController#destroy as */*
Completed 204 No Content in 1ms (ActiveRecord: 0.0ms | Allocations: 182)


Started GET "/me" for 127.0.0.1 at 2023-12-26 12:40:55 +0300
  [1m[36mActiveRecord::SchemaMigration Pluck (0.1ms)[0m  [1m[34mSELECT "schema_migrations"."version" FROM "schema_migrations" ORDER BY "schema_migrations"."version" ASC[0m
Processing by UsersController#show as */*
  [1m[36mUser Load (0.1ms)[0m  [1m[34mSELECT "users".* FROM "users" WHERE "users"."id" IS NULL LIMIT ?[0m  [["LIMIT", 1]]
  ↳ app/controllers/users_controller.rb:12:in `show'
Completed 401 Unauthorized in 19ms (Views: 0.2ms | ActiveRecord: 0.3ms | Allocations: 24916)


Started GET "/me" for 127.0.0.1 at 2023-12-26 12:41:11 +0300
Processing by UsersController#show as */*
  [1m[36mUser Load (0.2ms)[0m  [1m[34mSELECT "users".* FROM "users" WHERE "users"."id" IS NULL LIMIT ?[0m  [["LIMIT", 1]]
  ↳ app/controllers/users_controller.rb:12:in `show'
Completed 401 Unauthorized in 3ms (Views: 0.3ms | ActiveRecord: 0.2ms | Allocations: 781)


Started GET "/main.6d861cc9e4422b1693e5.hot-update.json" for 127.0.0.1 at 2023-12-26 12:42:35 +0300
  
ActionController::RoutingError (No route matches [GET] "/main.6d861cc9e4422b1693e5.hot-update.json"):
  
Started GET "/me" for 127.0.0.1 at 2023-12-26 12:42:35 +0300
Processing by UsersController#show as */*
  [1m[36mUser Load (0.2ms)[0m  [1m[34mSELECT "users".* FROM "users" WHERE "users"."id" IS NULL LIMIT ?[0m  [["LIMIT", 1]]
  ↳ app/controllers/users_controller.rb:12:in `show'
Completed 401 Unauthorized in 3ms (Views: 0.2ms | ActiveRecord: 0.2ms | Allocations: 794)


Started GET "/me" for 127.0.0.1 at 2023-12-26 12:45:09 +0300
Processing by UsersController#show as */*
  [1m[36mUser Load (0.1ms)[0m  [1m[34mSELECT "users".* FROM "users" WHERE "users"."id" IS NULL LIMIT ?[0m  [["LIMIT", 1]]
  ↳ app/controllers/users_controller.rb:12:in `show'
Completed 401 Unauthorized in 3ms (Views: 0.5ms | ActiveRecord: 0.1ms | Allocations: 769)


Started GET "/me" for 127.0.0.1 at 2023-12-26 12:45:09 +0300
Processing by UsersController#show as */*
  [1m[36mUser Load (0.4ms)[0m  [1m[34mSELECT "users".* FROM "users" WHERE "users"."id" IS NULL LIMIT ?[0m  [["LIMIT", 1]]
  ↳ app/controllers/users_controller.rb:12:in `show'
Completed 401 Unauthorized in 7ms (Views: 0.7ms | ActiveRecord: 0.4ms | Allocations: 787)


Started GET "/me" for 127.0.0.1 at 2023-12-26 12:53:10 +0300
Processing by UsersController#show as */*
  [1m[36mUser Load (0.5ms)[0m  [1m[34mSELECT "users".* FROM "users" WHERE "users"."id" IS NULL LIMIT ?[0m  [["LIMIT", 1]]
  ↳ app/controllers/users_controller.rb:12:in `show'
Completed 401 Unauthorized in 6ms (Views: 0.4ms | ActiveRecord: 1.1ms | Allocations: 905)


Started GET "/me" for 127.0.0.1 at 2023-12-26 12:55:12 +0300
Processing by UsersController#show as */*
  [1m[36mUser Load (0.2ms)[0m  [1m[34mSELECT "users".* FROM "users" WHERE "users"."id" IS NULL LIMIT ?[0m  [["LIMIT", 1]]
  ↳ app/controllers/users_controller.rb:12:in `show'
Completed 401 Unauthorized in 4ms (Views: 0.4ms | ActiveRecord: 0.2ms | Allocations: 765)


Started GET "/me" for 127.0.0.1 at 2023-12-26 12:57:06 +0300
Processing by UsersController#show as */*
  [1m[36mUser Load (0.3ms)[0m  [1m[34mSELECT "users".* FROM "users" WHERE "users"."id" IS NULL LIMIT ?[0m  [["LIMIT", 1]]
  ↳ app/controllers/users_controller.rb:12:in `show'
Completed 401 Unauthorized in 5ms (Views: 0.6ms | ActiveRecord: 0.3ms | Allocations: 789)


Started GET "/me" for 127.0.0.1 at 2023-12-26 12:57:06 +0300
Processing by UsersController#show as */*
  [1m[36mUser Load (0.3ms)[0m  [1m[34mSELECT "users".* FROM "users" WHERE "users"."id" IS NULL LIMIT ?[0m  [["LIMIT", 1]]
  ↳ app/controllers/users_controller.rb:12:in `show'
Completed 401 Unauthorized in 5ms (Views: 0.3ms | ActiveRecord: 0.3ms | Allocations: 771)


Started GET "/me" for 127.0.0.1 at 2023-12-26 12:57:13 +0300
Processing by UsersController#show as */*
  [1m[36mUser Load (0.1ms)[0m  [1m[34mSELECT "users".* FROM "users" WHERE "users"."id" IS NULL LIMIT ?[0m  [["LIMIT", 1]]
  ↳ app/controllers/users_controller.rb:12:in `show'
Completed 401 Unauthorized in 3ms (Views: 0.3ms | ActiveRecord: 0.1ms | Allocations: 761)


Started GET "/me" for 127.0.0.1 at 2023-12-26 12:57:17 +0300
Processing by UsersController#show as */*
  [1m[36mUser Load (0.2ms)[0m  [1m[34mSELECT "users".* FROM "users" WHERE "users"."id" IS NULL LIMIT ?[0m  [["LIMIT", 1]]
  ↳ app/controllers/users_controller.rb:12:in `show'
Completed 401 Unauthorized in 3ms (Views: 0.2ms | ActiveRecord: 0.2ms | Allocations: 771)


Started GET "/me" for 127.0.0.1 at 2023-12-26 12:57:20 +0300
Processing by UsersController#show as */*
  [1m[36mUser Load (0.2ms)[0m  [1m[34mSELECT "users".* FROM "users" WHERE "users"."id" IS NULL LIMIT ?[0m  [["LIMIT", 1]]
  ↳ app/controllers/users_controller.rb:12:in `show'
Completed 401 Unauthorized in 4ms (Views: 0.3ms | ActiveRecord: 0.2ms | Allocations: 769)


Started GET "/me" for 127.0.0.1 at 2023-12-26 12:57:26 +0300
Processing by UsersController#show as */*
  [1m[36mUser Load (0.2ms)[0m  [1m[34mSELECT "users".* FROM "users" WHERE "users"."id" IS NULL LIMIT ?[0m  [["LIMIT", 1]]
  ↳ app/controllers/users_controller.rb:12:in `show'
Completed 401 Unauthorized in 4ms (Views: 1.1ms | ActiveRecord: 0.2ms | Allocations: 761)


Started GET "/me" for 127.0.0.1 at 2023-12-26 12:57:57 +0300
Processing by UsersController#show as */*
  [1m[36mUser Load (0.4ms)[0m  [1m[34mSELECT "users".* FROM "users" WHERE "users"."id" IS NULL LIMIT ?[0m  [["LIMIT", 1]]
  ↳ app/controllers/users_controller.rb:12:in `show'
Completed 401 Unauthorized in 6ms (Views: 0.5ms | ActiveRecord: 0.4ms | Allocations: 763)


Started GET "/me" for 127.0.0.1 at 2023-12-26 12:57:57 +0300
Processing by UsersController#show as */*
  [1m[36mUser Load (0.5ms)[0m  [1m[34mSELECT "users".* FROM "users" WHERE "users"."id" IS NULL LIMIT ?[0m  [["LIMIT", 1]]
  ↳ app/controllers/users_controller.rb:12:in `show'
Completed 401 Unauthorized in 7ms (Views: 0.6ms | ActiveRecord: 0.5ms | Allocations: 763)


Started GET "/me" for 127.0.0.1 at 2023-12-26 12:58:07 +0300
Processing by UsersController#show as */*
  [1m[36mUser Load (0.2ms)[0m  [1m[34mSELECT "users".* FROM "users" WHERE "users"."id" IS NULL LIMIT ?[0m  [["LIMIT", 1]]
  ↳ app/controllers/users_controller.rb:12:in `show'
Completed 401 Unauthorized in 3ms (Views: 0.3ms | ActiveRecord: 0.2ms | Allocations: 761)


Started GET "/me" for 127.0.0.1 at 2023-12-26 12:58:11 +0300
Processing by UsersController#show as */*
  [1m[36mUser Load (0.1ms)[0m  [1m[34mSELECT "users".* FROM "users" WHERE "users"."id" IS NULL LIMIT ?[0m  [["LIMIT", 1]]
  ↳ app/controllers/users_controller.rb:12:in `show'
Completed 401 Unauthorized in 3ms (Views: 0.2ms | ActiveRecord: 0.1ms | Allocations: 757)


Started GET "/me" for 127.0.0.1 at 2023-12-26 12:58:15 +0300
Processing by UsersController#show as */*
  [1m[36mUser Load (0.2ms)[0m  [1m[34mSELECT "users".* FROM "users" WHERE "users"."id" IS NULL LIMIT ?[0m  [["LIMIT", 1]]
  ↳ app/controllers/users_controller.rb:12:in `show'
Completed 401 Unauthorized in 3ms (Views: 0.3ms | ActiveRecord: 0.2ms | Allocations: 763)


Started GET "/me" for 127.0.0.1 at 2023-12-26 13:01:29 +0300
Processing by UsersController#show as */*
  [1m[36mUser Load (0.2ms)[0m  [1m[34mSELECT "users".* FROM "users" WHERE "users"."id" IS NULL LIMIT ?[0m  [["LIMIT", 1]]
  ↳ app/controllers/users_controller.rb:12:in `show'
Completed 401 Unauthorized in 4ms (Views: 0.4ms | ActiveRecord: 0.2ms | Allocations: 771)


Started GET "/me" for 127.0.0.1 at 2023-12-26 13:01:35 +0300
Processing by UsersController#show as */*
  [1m[36mUser Load (0.2ms)[0m  [1m[34mSELECT "users".* FROM "users" WHERE "users"."id" IS NULL LIMIT ?[0m  [["LIMIT", 1]]
  ↳ app/controllers/users_controller.rb:12:in `show'
Completed 401 Unauthorized in 2ms (Views: 0.2ms | ActiveRecord: 0.2ms | Allocations: 757)


Started POST "/login" for 127.0.0.1 at 2023-12-26 13:01:40 +0300
Processing by SessionsController#create as */*
  Parameters: {"username"=>"rombo", "password"=>"[FILTERED]", "session"=>{"username"=>"rombo", "password"=>"[FILTERED]"}}
  [1m[36mUser Load (0.7ms)[0m  [1m[34mSELECT "users".* FROM "users" WHERE "users"."username" = ? LIMIT ?[0m  [["username", "rombo"], ["LIMIT", 1]]
  ↳ app/controllers/sessions_controller.rb:3:in `create'
Completed 201 Created in 232ms (Views: 0.3ms | ActiveRecord: 2.3ms | Allocations: 15569)


Started GET "/users/3/artworks" for 127.0.0.1 at 2023-12-26 13:01:41 +0300
Processing by ArtworksController#user_artworks as */*
  Parameters: {"user_id"=>"3"}
  [1m[36mUser Load (0.1ms)[0m  [1m[34mSELECT "users".* FROM "users" WHERE "users"."id" = ? LIMIT ?[0m  [["id", 3], ["LIMIT", 1]]
  ↳ app/controllers/artworks_controller.rb:12:in `user_artworks'
  [1m[36mArtwork Load (0.2ms)[0m  [1m[34mSELECT "artworks".* FROM "artworks" WHERE "artworks"."user_id" = ?[0m  [["user_id", 3]]
  ↳ app/controllers/artworks_controller.rb:14:in `user_artworks'
Completed 200 OK in 16ms (Views: 3.2ms | ActiveRecord: 0.5ms | Allocations: 8201)


Started GET "/me" for 127.0.0.1 at 2023-12-26 13:02:13 +0300
Processing by UsersController#show as */*
  [1m[36mUser Load (0.1ms)[0m  [1m[34mSELECT "users".* FROM "users" WHERE "users"."id" = ? LIMIT ?[0m  [["id", 3], ["LIMIT", 1]]
  ↳ app/controllers/users_controller.rb:12:in `show'
Completed 200 OK in 3ms (Views: 0.3ms | ActiveRecord: 0.1ms | Allocations: 833)


Started GET "/users/3/artworks" for 127.0.0.1 at 2023-12-26 13:02:13 +0300
Processing by ArtworksController#user_artworks as */*
  Parameters: {"user_id"=>"3"}
  [1m[36mUser Load (0.1ms)[0m  [1m[34mSELECT "users".* FROM "users" WHERE "users"."id" = ? LIMIT ?[0m  [["id", 3], ["LIMIT", 1]]
  ↳ app/controllers/artworks_controller.rb:12:in `user_artworks'
  [1m[36mArtwork Load (0.1ms)[0m  [1m[34mSELECT "artworks".* FROM "artworks" WHERE "artworks"."user_id" = ?[0m  [["user_id", 3]]
  ↳ app/controllers/artworks_controller.rb:14:in `user_artworks'
Completed 200 OK in 3ms (Views: 1.5ms | ActiveRecord: 0.2ms | Allocations: 1141)


Started GET "/me" for 127.0.0.1 at 2023-12-26 13:02:15 +0300
Processing by UsersController#show as */*
  [1m[36mUser Load (0.1ms)[0m  [1m[34mSELECT "users".* FROM "users" WHERE "users"."id" = ? LIMIT ?[0m  [["id", 3], ["LIMIT", 1]]
  ↳ app/controllers/users_controller.rb:12:in `show'
Completed 200 OK in 3ms (Views: 0.6ms | ActiveRecord: 0.1ms | Allocations: 739)


Started GET "/users/3/artworks" for 127.0.0.1 at 2023-12-26 13:02:15 +0300
Processing by ArtworksController#user_artworks as */*
  Parameters: {"user_id"=>"3"}
  [1m[36mUser Load (0.1ms)[0m  [1m[34mSELECT "users".* FROM "users" WHERE "users"."id" = ? LIMIT ?[0m  [["id", 3], ["LIMIT", 1]]
  ↳ app/controllers/artworks_controller.rb:12:in `user_artworks'
  [1m[36mArtwork Load (0.1ms)[0m  [1m[34mSELECT "artworks".* FROM "artworks" WHERE "artworks"."user_id" = ?[0m  [["user_id", 3]]
  ↳ app/controllers/artworks_controller.rb:14:in `user_artworks'
Completed 200 OK in 4ms (Views: 2.0ms | ActiveRecord: 0.3ms | Allocations: 1141)


Started GET "/users/3/artworks" for 127.0.0.1 at 2023-12-26 13:04:57 +0300
Processing by ArtworksController#user_artworks as */*
  Parameters: {"user_id"=>"3"}
  [1m[36mUser Load (0.2ms)[0m  [1m[34mSELECT "users".* FROM "users" WHERE "users"."id" = ? LIMIT ?[0m  [["id", 3], ["LIMIT", 1]]
  ↳ app/controllers/artworks_controller.rb:12:in `user_artworks'
  [1m[36mArtwork Load (0.1ms)[0m  [1m[34mSELECT "artworks".* FROM "artworks" WHERE "artworks"."user_id" = ?[0m  [["user_id", 3]]
  ↳ app/controllers/artworks_controller.rb:14:in `user_artworks'
Completed 200 OK in 5ms (Views: 2.6ms | ActiveRecord: 0.3ms | Allocations: 1139)


Started GET "/me" for 127.0.0.1 at 2023-12-26 13:05:02 +0300
Processing by UsersController#show as */*
  [1m[36mUser Load (0.1ms)[0m  [1m[34mSELECT "users".* FROM "users" WHERE "users"."id" = ? LIMIT ?[0m  [["id", 3], ["LIMIT", 1]]
  ↳ app/controllers/users_controller.rb:12:in `show'
Completed 200 OK in 2ms (Views: 0.4ms | ActiveRecord: 0.1ms | Allocations: 737)


Started GET "/users/3/artworks" for 127.0.0.1 at 2023-12-26 13:05:02 +0300
Processing by ArtworksController#user_artworks as */*
  Parameters: {"user_id"=>"3"}
  [1m[36mUser Load (0.1ms)[0m  [1m[34mSELECT "users".* FROM "users" WHERE "users"."id" = ? LIMIT ?[0m  [["id", 3], ["LIMIT", 1]]
  ↳ app/controllers/artworks_controller.rb:12:in `user_artworks'
  [1m[36mArtwork Load (0.1ms)[0m  [1m[34mSELECT "artworks".* FROM "artworks" WHERE "artworks"."user_id" = ?[0m  [["user_id", 3]]
  ↳ app/controllers/artworks_controller.rb:14:in `user_artworks'
Completed 200 OK in 4ms (Views: 1.7ms | ActiveRecord: 0.2ms | Allocations: 1138)


Started GET "/users/3/artworks" for 127.0.0.1 at 2023-12-26 13:07:10 +0300
Processing by ArtworksController#user_artworks as */*
  Parameters: {"user_id"=>"3"}
  [1m[36mUser Load (0.3ms)[0m  [1m[34mSELECT "users".* FROM "users" WHERE "users"."id" = ? LIMIT ?[0m  [["id", 3], ["LIMIT", 1]]
  ↳ app/controllers/artworks_controller.rb:12:in `user_artworks'
  [1m[36mArtwork Load (0.2ms)[0m  [1m[34mSELECT "artworks".* FROM "artworks" WHERE "artworks"."user_id" = ?[0m  [["user_id", 3]]
  ↳ app/controllers/artworks_controller.rb:14:in `user_artworks'
Completed 200 OK in 7ms (Views: 3.1ms | ActiveRecord: 0.5ms | Allocations: 1138)


Started GET "/me" for 127.0.0.1 at 2023-12-26 13:07:14 +0300
Processing by UsersController#show as */*
  [1m[36mUser Load (0.1ms)[0m  [1m[34mSELECT "users".* FROM "users" WHERE "users"."id" = ? LIMIT ?[0m  [["id", 3], ["LIMIT", 1]]
  ↳ app/controllers/users_controller.rb:12:in `show'
Completed 200 OK in 3ms (Views: 0.5ms | ActiveRecord: 0.1ms | Allocations: 738)


Started GET "/users/3/artworks" for 127.0.0.1 at 2023-12-26 13:07:14 +0300
Processing by ArtworksController#user_artworks as */*
  Parameters: {"user_id"=>"3"}
  [1m[36mUser Load (0.1ms)[0m  [1m[34mSELECT "users".* FROM "users" WHERE "users"."id" = ? LIMIT ?[0m  [["id", 3], ["LIMIT", 1]]
  ↳ app/controllers/artworks_controller.rb:12:in `user_artworks'
  [1m[36mArtwork Load (0.2ms)[0m  [1m[34mSELECT "artworks".* FROM "artworks" WHERE "artworks"."user_id" = ?[0m  [["user_id", 3]]
  ↳ app/controllers/artworks_controller.rb:14:in `user_artworks'
Completed 200 OK in 4ms (Views: 1.9ms | ActiveRecord: 0.3ms | Allocations: 1139)


Started GET "/me" for 127.0.0.1 at 2023-12-26 13:07:27 +0300
Processing by UsersController#show as */*
  [1m[36mUser Load (0.2ms)[0m  [1m[34mSELECT "users".* FROM "users" WHERE "users"."id" = ? LIMIT ?[0m  [["id", 3], ["LIMIT", 1]]
  ↳ app/controllers/users_controller.rb:12:in `show'
Completed 200 OK in 3ms (Views: 0.5ms | ActiveRecord: 0.2ms | Allocations: 732)


Started GET "/users/3/artworks" for 127.0.0.1 at 2023-12-26 13:07:27 +0300
Processing by ArtworksController#user_artworks as */*
  Parameters: {"user_id"=>"3"}
  [1m[36mUser Load (0.1ms)[0m  [1m[34mSELECT "users".* FROM "users" WHERE "users"."id" = ? LIMIT ?[0m  [["id", 3], ["LIMIT", 1]]
  ↳ app/controllers/artworks_controller.rb:12:in `user_artworks'
  [1m[36mArtwork Load (0.1ms)[0m  [1m[34mSELECT "artworks".* FROM "artworks" WHERE "artworks"."user_id" = ?[0m  [["user_id", 3]]
  ↳ app/controllers/artworks_controller.rb:14:in `user_artworks'
Completed 200 OK in 4ms (Views: 2.0ms | ActiveRecord: 0.3ms | Allocations: 1138)


Started GET "/me" for 127.0.0.1 at 2023-12-26 13:09:27 +0300
Processing by UsersController#show as */*
  [1m[36mUser Load (0.2ms)[0m  [1m[34mSELECT "users".* FROM "users" WHERE "users"."id" = ? LIMIT ?[0m  [["id", 3], ["LIMIT", 1]]
  ↳ app/controllers/users_controller.rb:12:in `show'
Completed 200 OK in 3ms (Views: 0.6ms | ActiveRecord: 0.2ms | Allocations: 735)


Started GET "/me" for 127.0.0.1 at 2023-12-26 13:09:27 +0300
Processing by UsersController#show as */*
  [1m[36mUser Load (0.3ms)[0m  [1m[34mSELECT "users".* FROM "users" WHERE "users"."id" = ? LIMIT ?[0m  [["id", 3], ["LIMIT", 1]]
  ↳ app/controllers/users_controller.rb:12:in `show'
Completed 200 OK in 3ms (Views: 0.6ms | ActiveRecord: 0.3ms | Allocations: 735)


Started GET "/users/3/artworks" for 127.0.0.1 at 2023-12-26 13:09:27 +0300
Processing by ArtworksController#user_artworks as */*
  Parameters: {"user_id"=>"3"}
  [1m[36mUser Load (0.1ms)[0m  [1m[34mSELECT "users".* FROM "users" WHERE "users"."id" = ? LIMIT ?[0m  [["id", 3], ["LIMIT", 1]]
  ↳ app/controllers/artworks_controller.rb:12:in `user_artworks'
  [1m[36mArtwork Load (0.2ms)[0m  [1m[34mSELECT "artworks".* FROM "artworks" WHERE "artworks"."user_id" = ?[0m  [["user_id", 3]]
  ↳ app/controllers/artworks_controller.rb:14:in `user_artworks'
Completed 200 OK in 5ms (Views: 2.9ms | ActiveRecord: 0.3ms | Allocations: 1138)


Started GET "/users/3/artworks" for 127.0.0.1 at 2023-12-26 13:09:27 +0300
Processing by ArtworksController#user_artworks as */*
  Parameters: {"user_id"=>"3"}
  [1m[36mUser Load (0.1ms)[0m  [1m[34mSELECT "users".* FROM "users" WHERE "users"."id" = ? LIMIT ?[0m  [["id", 3], ["LIMIT", 1]]
  ↳ app/controllers/artworks_controller.rb:12:in `user_artworks'
  [1m[36mArtwork Load (0.1ms)[0m  [1m[34mSELECT "artworks".* FROM "artworks" WHERE "artworks"."user_id" = ?[0m  [["user_id", 3]]
  ↳ app/controllers/artworks_controller.rb:14:in `user_artworks'
Completed 200 OK in 4ms (Views: 2.3ms | ActiveRecord: 0.3ms | Allocations: 1138)


Started GET "/users/3/artworks" for 127.0.0.1 at 2023-12-26 13:11:06 +0300
Processing by ArtworksController#user_artworks as */*
  Parameters: {"user_id"=>"3"}
  [1m[36mUser Load (0.3ms)[0m  [1m[34mSELECT "users".* FROM "users" WHERE "users"."id" = ? LIMIT ?[0m  [["id", 3], ["LIMIT", 1]]
  ↳ app/controllers/artworks_controller.rb:12:in `user_artworks'
  [1m[36mArtwork Load (0.3ms)[0m  [1m[34mSELECT "artworks".* FROM "artworks" WHERE "artworks"."user_id" = ?[0m  [["user_id", 3]]
  ↳ app/controllers/artworks_controller.rb:14:in `user_artworks'
Completed 200 OK in 8ms (Views: 3.6ms | ActiveRecord: 0.6ms | Allocations: 1138)


Started GET "/users/3/artworks" for 127.0.0.1 at 2023-12-26 13:11:06 +0300
Processing by ArtworksController#user_artworks as */*
  Parameters: {"user_id"=>"3"}
  [1m[36mUser Load (0.4ms)[0m  [1m[34mSELECT "users".* FROM "users" WHERE "users"."id" = ? LIMIT ?[0m  [["id", 3], ["LIMIT", 1]]
  ↳ app/controllers/artworks_controller.rb:12:in `user_artworks'
  [1m[36mArtwork Load (0.3ms)[0m  [1m[34mSELECT "artworks".* FROM "artworks" WHERE "artworks"."user_id" = ?[0m  [["user_id", 3]]
  ↳ app/controllers/artworks_controller.rb:14:in `user_artworks'
Completed 200 OK in 10ms (Views: 5.3ms | ActiveRecord: 0.7ms | Allocations: 1138)


Started GET "/me" for 127.0.0.1 at 2023-12-26 13:11:22 +0300
Processing by UsersController#show as */*
  [1m[36mUser Load (0.1ms)[0m  [1m[34mSELECT "users".* FROM "users" WHERE "users"."id" = ? LIMIT ?[0m  [["id", 3], ["LIMIT", 1]]
  ↳ app/controllers/users_controller.rb:12:in `show'
Completed 200 OK in 3ms (Views: 0.4ms | ActiveRecord: 0.1ms | Allocations: 733)


Started GET "/users/3/artworks" for 127.0.0.1 at 2023-12-26 13:11:22 +0300
Processing by ArtworksController#user_artworks as */*
  Parameters: {"user_id"=>"3"}
  [1m[36mUser Load (0.1ms)[0m  [1m[34mSELECT "users".* FROM "users" WHERE "users"."id" = ? LIMIT ?[0m  [["id", 3], ["LIMIT", 1]]
  ↳ app/controllers/artworks_controller.rb:12:in `user_artworks'
  [1m[36mArtwork Load (0.1ms)[0m  [1m[34mSELECT "artworks".* FROM "artworks" WHERE "artworks"."user_id" = ?[0m  [["user_id", 3]]
  ↳ app/controllers/artworks_controller.rb:14:in `user_artworks'
Completed 200 OK in 4ms (Views: 1.7ms | ActiveRecord: 0.2ms | Allocations: 1138)


Started GET "/z" for 127.0.0.1 at 2023-12-26 13:11:29 +0300
  
ActionController::RoutingError (No route matches [GET] "/z"):
  
Started GET "/z%3C" for 127.0.0.1 at 2023-12-26 13:11:29 +0300
  
ActionController::RoutingError (No route matches [GET] "/z%3C"):
  
Started GET "/z%3Cz" for 127.0.0.1 at 2023-12-26 13:11:29 +0300
  
ActionController::RoutingError (No route matches [GET] "/z%3Cz"):
  
Started GET "/z%3Cz%3C" for 127.0.0.1 at 2023-12-26 13:11:29 +0300
  
ActionController::RoutingError (No route matches [GET] "/z%3Cz%3C"):
  
Started GET "/z%3Cz%3Cz" for 127.0.0.1 at 2023-12-26 13:11:29 +0300
  
ActionController::RoutingError (No route matches [GET] "/z%3Cz%3Cz"):
  
Started GET "/z%3Cz%3C" for 127.0.0.1 at 2023-12-26 13:11:37 +0300
  
ActionController::RoutingError (No route matches [GET] "/z%3Cz%3C"):
  
Started GET "/z%3Cz" for 127.0.0.1 at 2023-12-26 13:11:37 +0300
  
ActionController::RoutingError (No route matches [GET] "/z%3Cz"):
  
Started GET "/z%3C" for 127.0.0.1 at 2023-12-26 13:11:37 +0300
  
ActionController::RoutingError (No route matches [GET] "/z%3C"):
  
Started GET "/z" for 127.0.0.1 at 2023-12-26 13:11:38 +0300
  
ActionController::RoutingError (No route matches [GET] "/z"):
  
Started POST "/artworks" for 127.0.0.1 at 2023-12-26 13:11:44 +0300
Processing by ArtworksController#create as */*
  Parameters: {"title"=>"z<z", "image"=>"https://imgs.search.brave.com/QcnPqW_2so0-atUYEI7GyZlPiyG3E73O0opUJIRr6Ak/rs:fit:860:0:0/g:ce/aHR0cHM6Ly93d3cu/bGVvbmFyZG9kYXZp/bmNpLm5ldC9pbWFn/ZXMvZ2FsbGVyeS90/aGUtbW9uYS1saXNh/LmpwZw", "artist"=>"<z<z", "year"=>"1910", "description"=>"z<z<", "user_id"=>3, "artwork"=>{"title"=>"z<z", "image"=>"https://imgs.search.brave.com/QcnPqW_2so0-atUYEI7GyZlPiyG3E73O0opUJIRr6Ak/rs:fit:860:0:0/g:ce/aHR0cHM6Ly93d3cu/bGVvbmFyZG9kYXZp/bmNpLm5ldC9pbWFn/ZXMvZ2FsbGVyeS90/aGUtbW9uYS1saXNh/LmpwZw", "artist"=>"<z<z", "year"=>"1910", "user_id"=>3, "description"=>"z<z<"}}
  [1m[36mTRANSACTION (0.1ms)[0m  [1m[36mbegin transaction[0m
  ↳ app/controllers/artworks_controller.rb:4:in `create'
  [1m[36mUser Load (0.1ms)[0m  [1m[34mSELECT "users".* FROM "users" WHERE "users"."id" = ? LIMIT ?[0m  [["id", 3], ["LIMIT", 1]]
  ↳ app/controllers/artworks_controller.rb:4:in `create'
  [1m[36mArtwork Create (0.3ms)[0m  [1m[32mINSERT INTO "artworks" ("title", "image", "artist", "year", "created_at", "updated_at", "user_id", "description") VALUES (?, ?, ?, ?, ?, ?, ?, ?)[0m  [["title", "z<z"], ["image", "https://imgs.search.brave.com/QcnPqW_2so0-atUYEI7GyZlPiyG3E73O0opUJIRr6Ak/rs:fit:860:0:0/g:ce/aHR0cHM6Ly93d3cu/bGVvbmFyZG9kYXZp/bmNpLm5ldC9pbWFn/ZXMvZ2FsbGVyeS90/aGUtbW9uYS1saXNh/LmpwZw"], ["artist", "<z<z"], ["year", "1910"], ["created_at", "2023-12-26 10:11:44.433945"], ["updated_at", "2023-12-26 10:11:44.433945"], ["user_id", 3], ["description", "z<z<"]]
  ↳ app/controllers/artworks_controller.rb:4:in `create'
  [1m[36mTRANSACTION (5.9ms)[0m  [1m[36mcommit transaction[0m
  ↳ app/controllers/artworks_controller.rb:4:in `create'
Completed 201 Created in 48ms (Views: 0.6ms | ActiveRecord: 7.2ms | Allocations: 19111)


Started GET "/me" for 127.0.0.1 at 2023-12-26 13:11:44 +0300
Processing by UsersController#show as */*
  [1m[36mUser Load (0.1ms)[0m  [1m[34mSELECT "users".* FROM "users" WHERE "users"."id" = ? LIMIT ?[0m  [["id", 3], ["LIMIT", 1]]
  ↳ app/controllers/users_controller.rb:12:in `show'
Completed 200 OK in 2ms (Views: 0.4ms | ActiveRecord: 0.1ms | Allocations: 733)


Started GET "/users/3/artworks" for 127.0.0.1 at 2023-12-26 13:11:44 +0300
Processing by ArtworksController#user_artworks as */*
  Parameters: {"user_id"=>"3"}
  [1m[36mUser Load (0.1ms)[0m  [1m[34mSELECT "users".* FROM "users" WHERE "users"."id" = ? LIMIT ?[0m  [["id", 3], ["LIMIT", 1]]
  ↳ app/controllers/artworks_controller.rb:12:in `user_artworks'
  [1m[36mArtwork Load (0.1ms)[0m  [1m[34mSELECT "artworks".* FROM "artworks" WHERE "artworks"."user_id" = ?[0m  [["user_id", 3]]
  ↳ app/controllers/artworks_controller.rb:14:in `user_artworks'
Completed 200 OK in 5ms (Views: 2.5ms | ActiveRecord: 0.2ms | Allocations: 1321)


Started DELETE "/artworks/5" for 127.0.0.1 at 2023-12-26 13:11:49 +0300
Processing by ArtworksController#destroy as */*
  Parameters: {"id"=>"5"}
  [1m[36mArtwork Load (0.6ms)[0m  [1m[34mSELECT "artworks".* FROM "artworks" WHERE "artworks"."id" = ? LIMIT ?[0m  [["id", 5], ["LIMIT", 1]]
  ↳ app/controllers/artworks_controller.rb:27:in `find_artwork'
  [1m[36mTRANSACTION (0.1ms)[0m  [1m[36mbegin transaction[0m
  ↳ app/controllers/artworks_controller.rb:20:in `destroy'
  [1m[36mArtwork Destroy (0.5ms)[0m  [1m[31mDELETE FROM "artworks" WHERE "artworks"."id" = ?[0m  [["id", 5]]
  ↳ app/controllers/artworks_controller.rb:20:in `destroy'
  [1m[36mTRANSACTION (13.3ms)[0m  [1m[36mcommit transaction[0m
  ↳ app/controllers/artworks_controller.rb:20:in `destroy'
Completed 204 No Content in 25ms (ActiveRecord: 14.5ms | Allocations: 1908)


Started GET "/me" for 127.0.0.1 at 2023-12-26 13:11:49 +0300
Processing by UsersController#show as */*
  [1m[36mUser Load (0.1ms)[0m  [1m[34mSELECT "users".* FROM "users" WHERE "users"."id" = ? LIMIT ?[0m  [["id", 3], ["LIMIT", 1]]
  ↳ app/controllers/users_controller.rb:12:in `show'
Completed 200 OK in 2ms (Views: 0.4ms | ActiveRecord: 0.1ms | Allocations: 731)


Started GET "/users/3/artworks" for 127.0.0.1 at 2023-12-26 13:11:49 +0300
Processing by ArtworksController#user_artworks as */*
  Parameters: {"user_id"=>"3"}
  [1m[36mUser Load (0.1ms)[0m  [1m[34mSELECT "users".* FROM "users" WHERE "users"."id" = ? LIMIT ?[0m  [["id", 3], ["LIMIT", 1]]
  ↳ app/controllers/artworks_controller.rb:12:in `user_artworks'
  [1m[36mArtwork Load (0.1ms)[0m  [1m[34mSELECT "artworks".* FROM "artworks" WHERE "artworks"."user_id" = ?[0m  [["user_id", 3]]
  ↳ app/controllers/artworks_controller.rb:14:in `user_artworks'
Completed 200 OK in 5ms (Views: 2.6ms | ActiveRecord: 0.3ms | Allocations: 1138)


Started GET "/users/3/artworks" for 127.0.0.1 at 2023-12-26 13:12:44 +0300
Started GET "/me" for 127.0.0.1 at 2023-12-26 13:12:44 +0300
Processing by ArtworksController#user_artworks as */*
  Parameters: {"user_id"=>"3"}
Processing by UsersController#show as */*
  [1m[36mUser Load (0.1ms)[0m  [1m[34mSELECT "users".* FROM "users" WHERE "users"."id" = ? LIMIT ?[0m  [["id", 3], ["LIMIT", 1]]
  [1m[36mUser Load (0.1ms)[0m  [1m[34mSELECT "users".* FROM "users" WHERE "users"."id" = ? LIMIT ?[0m  [["id", 3], ["LIMIT", 1]]
  ↳ app/controllers/artworks_controller.rb:12:in `user_artworks'
  [1m[36mArtwork Load (0.1ms)[0m  [1m[34mSELECT "artworks".* FROM "artworks" WHERE "artworks"."user_id" = ?[0m  [["user_id", 3]]
  ↳ app/controllers/artworks_controller.rb:14:in `user_artworks'
  ↳ app/controllers/users_controller.rb:12:in `show'
Completed 200 OK in 6ms (Views: 1.4ms | ActiveRecord: 0.2ms | Allocations: 1838)


Completed 200 OK in 6ms (Views: 0.3ms | ActiveRecord: 0.6ms | Allocations: 1914)


Started GET "/users/3/artworks" for 127.0.0.1 at 2023-12-26 13:12:44 +0300
Started GET "/me" for 127.0.0.1 at 2023-12-26 13:12:44 +0300
Processing by UsersController#show as */*
  [1m[36mUser Load (0.1ms)[0m  [1m[34mSELECT "users".* FROM "users" WHERE "users"."id" = ? LIMIT ?[0m  [["id", 3], ["LIMIT", 1]]
  ↳ app/controllers/users_controller.rb:12:in `show'
Processing by ArtworksController#user_artworks as */*
Completed 200 OK in 3ms (Views: 0.4ms | ActiveRecord: 0.1ms | Allocations: 942)


  Parameters: {"user_id"=>"3"}
  [1m[36mUser Load (0.2ms)[0m  [1m[34mSELECT "users".* FROM "users" WHERE "users"."id" = ? LIMIT ?[0m  [["id", 3], ["LIMIT", 1]]
  ↳ app/controllers/artworks_controller.rb:12:in `user_artworks'
  [1m[36mArtwork Load (0.2ms)[0m  [1m[34mSELECT "artworks".* FROM "artworks" WHERE "artworks"."user_id" = ?[0m  [["user_id", 3]]
  ↳ app/controllers/artworks_controller.rb:14:in `user_artworks'
Completed 200 OK in 4ms (Views: 1.7ms | ActiveRecord: 0.3ms | Allocations: 1179)


Started GET "/users/3/artworks" for 127.0.0.1 at 2023-12-26 13:12:44 +0300
Processing by ArtworksController#user_artworks as */*
  Parameters: {"user_id"=>"3"}
  [1m[36mUser Load (0.1ms)[0m  [1m[34mSELECT "users".* FROM "users" WHERE "users"."id" = ? LIMIT ?[0m  [["id", 3], ["LIMIT", 1]]
  ↳ app/controllers/artworks_controller.rb:12:in `user_artworks'
  [1m[36mArtwork Load (0.2ms)[0m  [1m[34mSELECT "artworks".* FROM "artworks" WHERE "artworks"."user_id" = ?[0m  [["user_id", 3]]
  ↳ app/controllers/artworks_controller.rb:14:in `user_artworks'
Completed 200 OK in 4ms (Views: 2.0ms | ActiveRecord: 0.3ms | Allocations: 1138)


Started GET "/users/3/artworks" for 127.0.0.1 at 2023-12-26 13:12:44 +0300
Processing by ArtworksController#user_artworks as */*
  Parameters: {"user_id"=>"3"}
  [1m[36mUser Load (0.1ms)[0m  [1m[34mSELECT "users".* FROM "users" WHERE "users"."id" = ? LIMIT ?[0m  [["id", 3], ["LIMIT", 1]]
  ↳ app/controllers/artworks_controller.rb:12:in `user_artworks'
  [1m[36mArtwork Load (0.1ms)[0m  [1m[34mSELECT "artworks".* FROM "artworks" WHERE "artworks"."user_id" = ?[0m  [["user_id", 3]]
  ↳ app/controllers/artworks_controller.rb:14:in `user_artworks'
Completed 200 OK in 2ms (Views: 1.0ms | ActiveRecord: 0.2ms | Allocations: 1138)


Started DELETE "/logout" for 127.0.0.1 at 2023-12-26 13:12:53 +0300
Processing by SessionsController#destroy as */*
Completed 204 No Content in 1ms (ActiveRecord: 0.0ms | Allocations: 182)


Started DELETE "/logout" for 127.0.0.1 at 2023-12-26 13:13:03 +0300
Processing by SessionsController#destroy as */*
Completed 204 No Content in 1ms (ActiveRecord: 0.0ms | Allocations: 171)


Started DELETE "/logout" for 127.0.0.1 at 2023-12-26 13:16:03 +0300
Processing by SessionsController#destroy as */*
Completed 204 No Content in 0ms (ActiveRecord: 0.0ms | Allocations: 169)


Started DELETE "/logout" for 127.0.0.1 at 2023-12-26 13:18:31 +0300
Processing by SessionsController#destroy as */*
Completed 204 No Content in 1ms (Allocations: 173)


Started DELETE "/logout" for 127.0.0.1 at 2023-12-26 13:18:36 +0300
Processing by SessionsController#destroy as */*
Completed 204 No Content in 1ms (Allocations: 175)


Started GET "/me" for 127.0.0.1 at 2023-12-26 13:19:23 +0300
Processing by UsersController#show as */*
  [1m[36mUser Load (0.2ms)[0m  [1m[34mSELECT "users".* FROM "users" WHERE "users"."id" IS NULL LIMIT ?[0m  [["LIMIT", 1]]
  ↳ app/controllers/users_controller.rb:12:in `show'
Completed 401 Unauthorized in 4ms (Views: 0.3ms | ActiveRecord: 0.8ms | Allocations: 905)


Started DELETE "/logout" for 127.0.0.1 at 2023-12-26 13:19:27 +0300
Processing by SessionsController#destroy as */*
Completed 204 No Content in 1ms (ActiveRecord: 0.0ms | Allocations: 171)


Started GET "/me" for 127.0.0.1 at 2023-12-26 13:19:35 +0300
Processing by UsersController#show as */*
  [1m[36mUser Load (0.1ms)[0m  [1m[34mSELECT "users".* FROM "users" WHERE "users"."id" IS NULL LIMIT ?[0m  [["LIMIT", 1]]
  ↳ app/controllers/users_controller.rb:12:in `show'
Completed 401 Unauthorized in 2ms (Views: 0.2ms | ActiveRecord: 0.1ms | Allocations: 765)


Started GET "/me" for 127.0.0.1 at 2023-12-26 13:19:51 +0300
Processing by UsersController#show as */*
  [1m[36mUser Load (0.1ms)[0m  [1m[34mSELECT "users".* FROM "users" WHERE "users"."id" IS NULL LIMIT ?[0m  [["LIMIT", 1]]
  ↳ app/controllers/users_controller.rb:12:in `show'
Completed 401 Unauthorized in 3ms (Views: 0.2ms | ActiveRecord: 0.1ms | Allocations: 765)


Started POST "/login" for 127.0.0.1 at 2023-12-26 13:21:02 +0300
Processing by SessionsController#create as */*
  Parameters: {"username"=>"rombo", "password"=>"[FILTERED]", "session"=>{"username"=>"rombo", "password"=>"[FILTERED]"}}
  [1m[36mUser Load (0.5ms)[0m  [1m[34mSELECT "users".* FROM "users" WHERE "users"."username" = ? LIMIT ?[0m  [["username", "rombo"], ["LIMIT", 1]]
  ↳ app/controllers/sessions_controller.rb:3:in `create'
Completed 201 Created in 237ms (Views: 7.8ms | ActiveRecord: 0.5ms | Allocations: 789)


Started GET "/users/3/artworks" for 127.0.0.1 at 2023-12-26 13:21:03 +0300
Processing by ArtworksController#user_artworks as */*
  Parameters: {"user_id"=>"3"}
  [1m[36mUser Load (0.1ms)[0m  [1m[34mSELECT "users".* FROM "users" WHERE "users"."id" = ? LIMIT ?[0m  [["id", 3], ["LIMIT", 1]]
  ↳ app/controllers/artworks_controller.rb:12:in `user_artworks'
  [1m[36mArtwork Load (0.1ms)[0m  [1m[34mSELECT "artworks".* FROM "artworks" WHERE "artworks"."user_id" = ?[0m  [["user_id", 3]]
  ↳ app/controllers/artworks_controller.rb:14:in `user_artworks'
Completed 200 OK in 2ms (Views: 0.9ms | ActiveRecord: 0.3ms | Allocations: 1204)


Started DELETE "/logout" for 127.0.0.1 at 2023-12-26 13:21:04 +0300
Processing by SessionsController#destroy as */*
Completed 204 No Content in 1ms (ActiveRecord: 0.0ms | Allocations: 182)


Started GET "/me" for 127.0.0.1 at 2023-12-26 13:21:45 +0300
Processing by UsersController#show as */*
  [1m[36mUser Load (0.1ms)[0m  [1m[34mSELECT "users".* FROM "users" WHERE "users"."id" IS NULL LIMIT ?[0m  [["LIMIT", 1]]
  ↳ app/controllers/users_controller.rb:12:in `show'
Completed 401 Unauthorized in 2ms (Views: 0.2ms | ActiveRecord: 0.1ms | Allocations: 769)


Started GET "/me" for 127.0.0.1 at 2023-12-26 13:21:45 +0300
Processing by UsersController#show as */*
  [1m[36mUser Load (0.1ms)[0m  [1m[34mSELECT "users".* FROM "users" WHERE "users"."id" IS NULL LIMIT ?[0m  [["LIMIT", 1]]
  ↳ app/controllers/users_controller.rb:12:in `show'
Completed 401 Unauthorized in 3ms (Views: 0.2ms | ActiveRecord: 0.1ms | Allocations: 769)


Started DELETE "/logout" for 127.0.0.1 at 2023-12-26 13:21:55 +0300
Processing by SessionsController#destroy as */*
Completed 204 No Content in 2ms (ActiveRecord: 0.0ms | Allocations: 173)


Started POST "/login" for 127.0.0.1 at 2023-12-26 13:22:00 +0300
Processing by SessionsController#create as */*
  Parameters: {"username"=>"rombo", "password"=>"[FILTERED]", "session"=>{"username"=>"rombo", "password"=>"[FILTERED]"}}
  [1m[36mUser Load (0.1ms)[0m  [1m[34mSELECT "users".* FROM "users" WHERE "users"."username" = ? LIMIT ?[0m  [["username", "rombo"], ["LIMIT", 1]]
  ↳ app/controllers/sessions_controller.rb:3:in `create'
Completed 201 Created in 210ms (Views: 0.3ms | ActiveRecord: 0.1ms | Allocations: 768)


Started GET "/users/3/artworks" for 127.0.0.1 at 2023-12-26 13:22:00 +0300
Processing by ArtworksController#user_artworks as */*
  Parameters: {"user_id"=>"3"}
  [1m[36mUser Load (0.1ms)[0m  [1m[34mSELECT "users".* FROM "users" WHERE "users"."id" = ? LIMIT ?[0m  [["id", 3], ["LIMIT", 1]]
  ↳ app/controllers/artworks_controller.rb:12:in `user_artworks'
  [1m[36mArtwork Load (0.1ms)[0m  [1m[34mSELECT "artworks".* FROM "artworks" WHERE "artworks"."user_id" = ?[0m  [["user_id", 3]]
  ↳ app/controllers/artworks_controller.rb:14:in `user_artworks'
Completed 200 OK in 4ms (Views: 1.7ms | ActiveRecord: 0.2ms | Allocations: 1138)


Started DELETE "/logout" for 127.0.0.1 at 2023-12-26 13:22:02 +0300
Processing by SessionsController#destroy as */*
Completed 204 No Content in 1ms (ActiveRecord: 0.0ms | Allocations: 176)


Started POST "/login" for 127.0.0.1 at 2023-12-26 13:22:04 +0300
Processing by SessionsController#create as */*
  Parameters: {"username"=>"rombo", "password"=>"[FILTERED]", "session"=>{"username"=>"rombo", "password"=>"[FILTERED]"}}
  [1m[36mUser Load (0.5ms)[0m  [1m[34mSELECT "users".* FROM "users" WHERE "users"."username" = ? LIMIT ?[0m  [["username", "rombo"], ["LIMIT", 1]]
  ↳ app/controllers/sessions_controller.rb:3:in `create'
Completed 201 Created in 227ms (Views: 0.6ms | ActiveRecord: 0.5ms | Allocations: 764)


Started GET "/users/3/artworks" for 127.0.0.1 at 2023-12-26 13:22:05 +0300
Processing by ArtworksController#user_artworks as */*
  Parameters: {"user_id"=>"3"}
  [1m[36mUser Load (0.1ms)[0m  [1m[34mSELECT "users".* FROM "users" WHERE "users"."id" = ? LIMIT ?[0m  [["id", 3], ["LIMIT", 1]]
  ↳ app/controllers/artworks_controller.rb:12:in `user_artworks'
  [1m[36mArtwork Load (0.1ms)[0m  [1m[34mSELECT "artworks".* FROM "artworks" WHERE "artworks"."user_id" = ?[0m  [["user_id", 3]]
  ↳ app/controllers/artworks_controller.rb:14:in `user_artworks'
Completed 200 OK in 2ms (Views: 1.2ms | ActiveRecord: 0.1ms | Allocations: 1138)


Started DELETE "/logout" for 127.0.0.1 at 2023-12-26 13:22:12 +0300
Processing by SessionsController#destroy as */*
Completed 204 No Content in 1ms (ActiveRecord: 0.0ms | Allocations: 172)


Started GET "/me" for 127.0.0.1 at 2023-12-26 13:22:17 +0300
Processing by UsersController#show as */*
  [1m[36mUser Load (0.2ms)[0m  [1m[34mSELECT "users".* FROM "users" WHERE "users"."id" IS NULL LIMIT ?[0m  [["LIMIT", 1]]
  ↳ app/controllers/users_controller.rb:12:in `show'
Completed 401 Unauthorized in 3ms (Views: 0.2ms | ActiveRecord: 0.2ms | Allocations: 769)


Started GET "/users/3/artworks" for 127.0.0.1 at 2023-12-26 13:23:32 +0300
Processing by ArtworksController#user_artworks as */*
  Parameters: {"user_id"=>"3"}
  [1m[36mUser Load (0.2ms)[0m  [1m[34mSELECT "users".* FROM "users" WHERE "users"."id" = ? LIMIT ?[0m  [["id", 3], ["LIMIT", 1]]
  ↳ app/controllers/artworks_controller.rb:12:in `user_artworks'
  [1m[36mArtwork Load (0.1ms)[0m  [1m[34mSELECT "artworks".* FROM "artworks" WHERE "artworks"."user_id" = ?[0m  [["user_id", 3]]
  ↳ app/controllers/artworks_controller.rb:14:in `user_artworks'
Completed 200 OK in 5ms (Views: 3.1ms | ActiveRecord: 0.3ms | Allocations: 1138)


Started GET "/me" for 127.0.0.1 at 2023-12-26 13:23:45 +0300
Processing by UsersController#show as */*
  [1m[36mUser Load (0.1ms)[0m  [1m[34mSELECT "users".* FROM "users" WHERE "users"."id" IS NULL LIMIT ?[0m  [["LIMIT", 1]]
  ↳ app/controllers/users_controller.rb:12:in `show'
Completed 401 Unauthorized in 2ms (Views: 0.2ms | ActiveRecord: 0.1ms | Allocations: 765)


Started GET "/me" for 127.0.0.1 at 2023-12-26 13:23:51 +0300
Processing by UsersController#show as */*
  [1m[36mUser Load (0.5ms)[0m  [1m[34mSELECT "users".* FROM "users" WHERE "users"."id" IS NULL LIMIT ?[0m  [["LIMIT", 1]]
  ↳ app/controllers/users_controller.rb:12:in `show'
Completed 401 Unauthorized in 7ms (Views: 0.5ms | ActiveRecord: 0.5ms | Allocations: 765)


Started POST "/login" for 127.0.0.1 at 2023-12-26 13:23:54 +0300
Processing by SessionsController#create as */*
  Parameters: {"username"=>"rombo", "password"=>"[FILTERED]", "session"=>{"username"=>"rombo", "password"=>"[FILTERED]"}}
  [1m[36mUser Load (0.3ms)[0m  [1m[34mSELECT "users".* FROM "users" WHERE "users"."username" = ? LIMIT ?[0m  [["username", "rombo"], ["LIMIT", 1]]
  ↳ app/controllers/sessions_controller.rb:3:in `create'
Completed 201 Created in 233ms (Views: 0.3ms | ActiveRecord: 0.3ms | Allocations: 778)


Started GET "/users/3/artworks" for 127.0.0.1 at 2023-12-26 13:23:54 +0300
Processing by ArtworksController#user_artworks as */*
  Parameters: {"user_id"=>"3"}
  [1m[36mUser Load (0.2ms)[0m  [1m[34mSELECT "users".* FROM "users" WHERE "users"."id" = ? LIMIT ?[0m  [["id", 3], ["LIMIT", 1]]
  ↳ app/controllers/artworks_controller.rb:12:in `user_artworks'
  [1m[36mArtwork Load (0.2ms)[0m  [1m[34mSELECT "artworks".* FROM "artworks" WHERE "artworks"."user_id" = ?[0m  [["user_id", 3]]
  ↳ app/controllers/artworks_controller.rb:14:in `user_artworks'
Completed 200 OK in 4ms (Views: 2.4ms | ActiveRecord: 0.4ms | Allocations: 1138)


Started DELETE "/logout" for 127.0.0.1 at 2023-12-26 13:23:56 +0300
Processing by SessionsController#destroy as */*
Completed 204 No Content in 0ms (ActiveRecord: 0.0ms | Allocations: 166)


Started POST "/login" for 127.0.0.1 at 2023-12-26 13:23:59 +0300
Processing by SessionsController#create as */*
  Parameters: {"username"=>"rombo", "password"=>"[FILTERED]", "session"=>{"username"=>"rombo", "password"=>"[FILTERED]"}}
  [1m[36mUser Load (0.3ms)[0m  [1m[34mSELECT "users".* FROM "users" WHERE "users"."username" = ? LIMIT ?[0m  [["username", "rombo"], ["LIMIT", 1]]
  ↳ app/controllers/sessions_controller.rb:3:in `create'
Completed 201 Created in 237ms (Views: 0.3ms | ActiveRecord: 0.3ms | Allocations: 762)


Started GET "/users/3/artworks" for 127.0.0.1 at 2023-12-26 13:23:59 +0300
Processing by ArtworksController#user_artworks as */*
  Parameters: {"user_id"=>"3"}
  [1m[36mUser Load (0.1ms)[0m  [1m[34mSELECT "users".* FROM "users" WHERE "users"."id" = ? LIMIT ?[0m  [["id", 3], ["LIMIT", 1]]
  ↳ app/controllers/artworks_controller.rb:12:in `user_artworks'
  [1m[36mArtwork Load (0.1ms)[0m  [1m[34mSELECT "artworks".* FROM "artworks" WHERE "artworks"."user_id" = ?[0m  [["user_id", 3]]
  ↳ app/controllers/artworks_controller.rb:14:in `user_artworks'
Completed 200 OK in 3ms (Views: 1.2ms | ActiveRecord: 0.2ms | Allocations: 1138)


Started DELETE "/logout" for 127.0.0.1 at 2023-12-26 13:29:07 +0300
  [1m[36mActiveRecord::SchemaMigration Pluck (0.1ms)[0m  [1m[34mSELECT "schema_migrations"."version" FROM "schema_migrations" ORDER BY "schema_migrations"."version" ASC[0m
Processing by SessionsController#destroy as */*
Completed 204 No Content in 13ms (ActiveRecord: 0.0ms | Allocations: 20739)


Started GET "/main.820125bf89f6452aa1e8.hot-update.json" for 127.0.0.1 at 2023-12-26 13:30:11 +0300
  
ActionController::RoutingError (No route matches [GET] "/main.820125bf89f6452aa1e8.hot-update.json"):
  
Started GET "/main.820125bf89f6452aa1e8.hot-update.json" for 127.0.0.1 at 2023-12-26 13:30:11 +0300
  
ActionController::RoutingError (No route matches [GET] "/main.820125bf89f6452aa1e8.hot-update.json"):
  
Started GET "/me" for 127.0.0.1 at 2023-12-26 13:30:12 +0300
Processing by UsersController#show as */*
  [1m[36mUser Load (0.1ms)[0m  [1m[34mSELECT "users".* FROM "users" WHERE "users"."id" IS NULL LIMIT ?[0m  [["LIMIT", 1]]
  ↳ app/controllers/users_controller.rb:12:in `show'
Completed 401 Unauthorized in 12ms (Views: 0.2ms | ActiveRecord: 0.5ms | Allocations: 4357)


Started GET "/me" for 127.0.0.1 at 2023-12-26 13:30:12 +0300
Processing by UsersController#show as */*
  [1m[36mUser Load (0.2ms)[0m  [1m[34mSELECT "users".* FROM "users" WHERE "users"."id" IS NULL LIMIT ?[0m  [["LIMIT", 1]]
  ↳ app/controllers/users_controller.rb:12:in `show'
Completed 401 Unauthorized in 3ms (Views: 0.2ms | ActiveRecord: 0.2ms | Allocations: 789)


Started GET "/me" for 127.0.0.1 at 2023-12-26 13:30:12 +0300
Processing by UsersController#show as */*
  [1m[36mUser Load (0.1ms)[0m  [1m[34mSELECT "users".* FROM "users" WHERE "users"."id" IS NULL LIMIT ?[0m  [["LIMIT", 1]]
  ↳ app/controllers/users_controller.rb:12:in `show'
Completed 401 Unauthorized in 4ms (Views: 0.2ms | ActiveRecord: 0.1ms | Allocations: 789)


Started GET "/me" for 127.0.0.1 at 2023-12-26 13:32:51 +0300
Processing by UsersController#show as */*
  [1m[36mUser Load (0.1ms)[0m  [1m[34mSELECT "users".* FROM "users" WHERE "users"."id" IS NULL LIMIT ?[0m  [["LIMIT", 1]]
  ↳ app/controllers/users_controller.rb:12:in `show'
Completed 401 Unauthorized in 3ms (Views: 0.3ms | ActiveRecord: 0.1ms | Allocations: 765)


Started POST "/login" for 127.0.0.1 at 2023-12-26 13:32:53 +0300
Processing by SessionsController#create as */*
  Parameters: {"username"=>"rombo", "password"=>"[FILTERED]", "session"=>{"username"=>"rombo", "password"=>"[FILTERED]"}}
  [1m[36mUser Load (0.5ms)[0m  [1m[34mSELECT "users".* FROM "users" WHERE "users"."username" = ? LIMIT ?[0m  [["username", "rombo"], ["LIMIT", 1]]
  ↳ app/controllers/sessions_controller.rb:3:in `create'
Completed 201 Created in 247ms (Views: 0.3ms | ActiveRecord: 2.1ms | Allocations: 15559)


Started GET "/users/3/artworks" for 127.0.0.1 at 2023-12-26 13:32:53 +0300
Processing by ArtworksController#user_artworks as */*
  Parameters: {"user_id"=>"3"}
  [1m[36mUser Load (0.3ms)[0m  [1m[34mSELECT "users".* FROM "users" WHERE "users"."id" = ? LIMIT ?[0m  [["id", 3], ["LIMIT", 1]]
  ↳ app/controllers/artworks_controller.rb:12:in `user_artworks'
  [1m[36mArtwork Load (0.1ms)[0m  [1m[34mSELECT "artworks".* FROM "artworks" WHERE "artworks"."user_id" = ?[0m  [["user_id", 3]]
  ↳ app/controllers/artworks_controller.rb:14:in `user_artworks'
Completed 200 OK in 21ms (Views: 3.5ms | ActiveRecord: 0.5ms | Allocations: 8215)


Started DELETE "/logout" for 127.0.0.1 at 2023-12-26 13:32:56 +0300
Processing by SessionsController#destroy as */*
Completed 204 No Content in 1ms (ActiveRecord: 0.0ms | Allocations: 172)


